#
# A fatal error has been detected by the Java Runtime Environment:
#
#  EXCEPTION_ACCESS_VIOLATION (0xc0000005) at pc=0x000000007110b5db, pid=13624, tid=14968
#
# JRE version: Java(TM) SE Runtime Environment (15.0+36) (build 15+36-1562)
# Java VM: Java HotSpot(TM) 64-Bit Server VM (15+36-1562, mixed mode, sharing, tiered, compressed oops, g1 gc, windows-amd64)
# Problematic frame:
# C  [jSSC-2.8_x86_64.dll+0xb5db]
#
# No core dump will be written. Minidumps are not enabled by default on client versions of Windows
#
# If you would like to submit a bug report, please visit:
#   https://bugreport.java.com/bugreport/crash.jsp
# The crash happened outside the Java Virtual Machine in native code.
# See problematic frame for where to report the bug.
#

---------------  S U M M A R Y ------------

Command Line: -Dfile.encoding=UTF-8 --module-path=D:\INBOX LINUX\Sensores02\build\classes sensores02.UI

Host: Intel(R) Core(TM) i7-8750H CPU @ 2.20GHz, 12 cores, 15G,  Windows 10 , 64 bit Build 18362 (10.0.18362.1082)
Time: Tue Oct  6 00:14:13 2020 Hora de verano central (México) elapsed time: 2.483830 seconds (0d 0h 0m 2s)

---------------  T H R E A D  ---------------

Current thread (0x00000174efb191e0):  JavaThread "AWT-EventQueue-0" [_thread_in_native, id=14968, stack(0x0000005af8500000,0x0000005af8600000)]

Stack: [0x0000005af8500000,0x0000005af8600000],  sp=0x0000005af85fde30,  free space=1015k
Native frames: (J=compiled Java code, j=interpreted, Vv=VM code, C=native code)
C  [jSSC-2.8_x86_64.dll+0xb5db]

Java frames: (J=compiled Java code, j=interpreted, Vv=VM code)
j  jssc.SerialNativeInterface.openPort(Ljava/lang/String;Z)J+0
j  jssc.SerialPort.openPort()Z+65
j  com.panamahitek.PanamaHitek_Arduino.arduinoRX(Ljava/lang/String;ILjssc/SerialPortEventListener;)V+58
j  sensores02.UI.Btn_ConectarActionPerformed(Ljava/awt/event/ActionEvent;)V+14
j  sensores02.UI$3.actionPerformed(Ljava/awt/event/ActionEvent;)V+5
j  javax.swing.AbstractButton.fireActionPerformed(Ljava/awt/event/ActionEvent;)V+84 java.desktop@15
j  javax.swing.AbstractButton$Handler.actionPerformed(Ljava/awt/event/ActionEvent;)V+5 java.desktop@15
j  javax.swing.DefaultButtonModel.fireActionPerformed(Ljava/awt/event/ActionEvent;)V+34 java.desktop@15
j  javax.swing.DefaultButtonModel.setPressed(Z)V+117 java.desktop@15
j  javax.swing.plaf.basic.BasicButtonListener.mouseReleased(Ljava/awt/event/MouseEvent;)V+35 java.desktop@15
j  java.awt.Component.processMouseEvent(Ljava/awt/event/MouseEvent;)V+64 java.desktop@15
j  javax.swing.JComponent.processMouseEvent(Ljava/awt/event/MouseEvent;)V+23 java.desktop@15
j  java.awt.Component.processEvent(Ljava/awt/AWTEvent;)V+81 java.desktop@15
j  java.awt.Container.processEvent(Ljava/awt/AWTEvent;)V+18 java.desktop@15
J 1491 c1 java.awt.Component.dispatchEventImpl(Ljava/awt/AWTEvent;)V java.desktop@15 (777 bytes) @ 0x00000174d317e20c [0x00000174d317a7a0+0x0000000000003a6c]
J 1398 c1 java.awt.Container.dispatchEventImpl(Ljava/awt/AWTEvent;)V java.desktop@15 (129 bytes) @ 0x00000174d312917c [0x00000174d3129040+0x000000000000013c]
j  java.awt.Component.dispatchEvent(Ljava/awt/AWTEvent;)V+2 java.desktop@15
j  java.awt.LightweightDispatcher.retargetMouseEvent(Ljava/awt/Component;ILjava/awt/event/MouseEvent;)V+349 java.desktop@15
J 1471 c1 java.awt.LightweightDispatcher.processMouseEvent(Ljava/awt/event/MouseEvent;)Z java.desktop@15 (265 bytes) @ 0x00000174d317180c [0x00000174d31707c0+0x000000000000104c]
J 1492 c1 java.awt.LightweightDispatcher.dispatchEvent(Ljava/awt/AWTEvent;)Z java.desktop@15 (73 bytes) @ 0x00000174d31826f4 [0x00000174d3182280+0x0000000000000474]
J 1398 c1 java.awt.Container.dispatchEventImpl(Ljava/awt/AWTEvent;)V java.desktop@15 (129 bytes) @ 0x00000174d312911c [0x00000174d3129040+0x00000000000000dc]
J 1461 c1 java.awt.Window.dispatchEventImpl(Ljava/awt/AWTEvent;)V java.desktop@15 (23 bytes) @ 0x00000174d316b43c [0x00000174d316ae00+0x000000000000063c]
J 1393 c1 java.awt.EventQueue.dispatchEventImpl(Ljava/awt/AWTEvent;Ljava/lang/Object;)V java.desktop@15 (136 bytes) @ 0x00000174d31224b4 [0x00000174d3121fc0+0x00000000000004f4]
J 1392 c1 java.awt.EventQueue$4.run()Ljava/lang/Void; java.desktop@15 (60 bytes) @ 0x00000174d31218c4 [0x00000174d3121780+0x0000000000000144]
J 1441 c1 java.awt.EventQueue$4.run()Ljava/lang/Object; java.desktop@15 (5 bytes) @ 0x00000174d3159ab4 [0x00000174d3159a40+0x0000000000000074]
J 1308 c1 java.security.ProtectionDomain$JavaSecurityAccessImpl.doIntersectionPrivilege(Ljava/security/PrivilegedAction;Ljava/security/AccessControlContext;Ljava/security/AccessControlContext;)Ljava/lang/Object; java.base@15 (22 bytes) @ 0x00000174d30eff34 [0x00000174d30efca0+0x0000000000000294]
J 1357 c1 java.awt.EventQueue.dispatchEvent(Ljava/awt/AWTEvent;)V java.desktop@15 (80 bytes) @ 0x00000174d310a274 [0x00000174d3109760+0x0000000000000b14]
J 1362 c1 java.awt.EventDispatchThread.pumpOneEventForFilters(I)V java.desktop@15 (113 bytes) @ 0x00000174d3110fa4 [0x00000174d3110900+0x00000000000006a4]
j  java.awt.EventDispatchThread.pumpEventsForFilter(ILjava/awt/Conditional;Ljava/awt/EventFilter;)V+35 java.desktop@15
j  java.awt.EventDispatchThread.pumpEventsForHierarchy(ILjava/awt/Conditional;Ljava/awt/Component;)V+11 java.desktop@15
j  java.awt.EventDispatchThread.pumpEvents(ILjava/awt/Conditional;)V+4 java.desktop@15
j  java.awt.EventDispatchThread.pumpEvents(Ljava/awt/Conditional;)V+3 java.desktop@15
j  java.awt.EventDispatchThread.run()V+9 java.desktop@15
v  ~StubRoutines::call_stub

siginfo: EXCEPTION_ACCESS_VIOLATION (0xc0000005), reading address 0xfffffffff1295b74


Register to memory mapping:

RIP=0x000000007110b5db jSSC-2.8_x86_64.dll
RAX=0xfffffffff1295b74 is an unknown value
RBX=0x0000005af85fdea0 is pointing into the stack for thread: 0x00000174efb191e0
RCX=0x00007ffc6e4dc254 ntdll.dll
RDX=0x0 is NULL
RSP=0x0000005af85fde30 is pointing into the stack for thread: 0x00000174efb191e0
RBP=0x0000005af85fdfb0 is pointing into the stack for thread: 0x00000174efb191e0
RSI=0x00000174efb19508 points into unknown readable memory: 0x00007ffc10a2be40 | 40 be a2 10 fc 7f 00 00
RDI=0x000000000000012c is an unknown value
R8 =0x0000005af85fdd28 is pointing into the stack for thread: 0x00000174efb191e0
R9 =0x0000005af85fde20 is pointing into the stack for thread: 0x00000174efb191e0
R10=0x0 is NULL
R11=0x0000000000000246 is an unknown value
R12=0x0000005af85fe068 is pointing into the stack for thread: 0x00000174efb191e0
R13=0x00000174f00f87d0 points into unknown readable memory: 0x00720000005a0025 | 25 00 5a 00 00 00 72 00
R14=0x0000005af85fdf60 is pointing into the stack for thread: 0x00000174efb191e0
R15=0x00000174efb191e0 is a thread


Registers:
RAX=0xfffffffff1295b74, RBX=0x0000005af85fdea0, RCX=0x00007ffc6e4dc254, RDX=0x0000000000000000
RSP=0x0000005af85fde30, RBP=0x0000005af85fdfb0, RSI=0x00000174efb19508, RDI=0x000000000000012c
R8 =0x0000005af85fdd28, R9 =0x0000005af85fde20, R10=0x0000000000000000, R11=0x0000000000000246
R12=0x0000005af85fe068, R13=0x00000174f00f87d0, R14=0x0000005af85fdf60, R15=0x00000174efb191e0
RIP=0x000000007110b5db, EFLAGS=0x0000000000010206

Top of Stack: (sp=0x0000005af85fde30)
0x0000005af85fde30:   00000174f001af30 000000246e47fb91
0x0000005af85fde40:   000000007110b230 00000174f00f8540
0x0000005af85fde50:   0000005af85fdfb0 0000000000000004
0x0000005af85fde60:   00000174efb19508 000000000000012c
0x0000005af85fde70:   0000005af85fdfb0 0000000071112590
0x0000005af85fde80:   00000174efb191e0 0000005af85fdf60
0x0000005af85fde90:   00000174f00f87d0 0000005af85fe068
0x0000005af85fdea0:   00000174f00f87d0 00007ffc6e47fb91
0x0000005af85fdeb0:   0000005af85fdee0 00000174c8550000
0x0000005af85fdec0:   0000005af85fdfb0 0000000000000000
0x0000005af85fded0:   0000000071113500 0000000071113be8
0x0000005af85fdee0:   0000005af85fdf10 0000000071112641
0x0000005af85fdef0:   0000005af85fde80 00000174efb19508
0x0000005af85fdf00:   0000000000000000 0000000000000000
0x0000005af85fdf10:   0000005af85fdfb0 0000000071101595
0x0000005af85fdf20:   000000000000001c 0000017400000000 

Instructions: (pc=0x000000007110b5db)
0x000000007110b4db:   48 85 c0 74 bf 44 8b 03 45 85 c0 0f 84 77 ff ff
0x000000007110b4eb:   ff eb 9f 66 90 e8 8b fe ff ff 48 89 05 0c 34 01
0x000000007110b4fb:   00 eb ad 66 90 e8 7b fe ff ff 48 89 05 fc 33 01
0x000000007110b50b:   00 eb 8b e8 8d fe ff ff c7 03 01 00 00 00 e9 6f
0x000000007110b51b:   ff ff ff 66 90 55 48 89 e5 56 53 48 83 ec 20 48
0x000000007110b52b:   8b 05 d7 33 01 00 48 8b 31 48 89 cb 48 85 c0 74
0x000000007110b53b:   56 44 8b 18 45 85 db 78 42 48 8b 05 bd 33 01 00
0x000000007110b54b:   48 85 c0 74 50 44 8b 10 45 85 d2 74 1d 48 89 f1
0x000000007110b55b:   e8 d0 fd ff ff 48 8b 13 48 8d 42 40 48 8b 48 08
0x000000007110b56b:   48 8b 6a 40 48 8b 60 10 ff e1 48 8b 05 9c 33 01
0x000000007110b57b:   00 48 85 c0 74 2d 48 89 30 eb da e8 b5 fe ff ff
0x000000007110b58b:   0f 1f 44 00 00 eb b2 e8 e9 fd ff ff 48 89 05 6a
0x000000007110b59b:   33 01 00 eb 9c e8 db fd ff ff 48 89 05 5c 33 01
0x000000007110b5ab:   00 eb a2 e8 3d fd ff ff 48 89 05 5e 33 01 00 eb
0x000000007110b5bb:   c5 0f 1f 40 00 55 57 56 53 48 83 ec 28 48 8b 05
0x000000007110b5cb:   39 33 01 00 48 89 cb 48 85 c0 0f 84 c5 00 00 00
0x000000007110b5db:   8b 38 85 ff 0f 88 ab 00 00 00 48 8b 05 1c 33 01
0x000000007110b5eb:   00 48 85 c0 0f 84 bc 00 00 00 8b 30 85 f6 74 57
0x000000007110b5fb:   48 8b 05 0e 33 01 00 48 85 c0 0f 84 e5 00 00 00
0x000000007110b60b:   8b 28 48 8b 35 10 5e 01 00 ff d6 89 c7 89 e9 ff
0x000000007110b61b:   15 f4 5e 01 00 89 f9 48 89 c5 ff 15 b9 5e 01 00
0x000000007110b62b:   48 8b 05 de 32 01 00 48 89 2b 48 85 c0 74 46 48
0x000000007110b63b:   89 da 8b 08 ff 15 d7 5e 01 00 85 c0 74 27 48 83
0x000000007110b64b:   c4 28 5b 5e 5f 5d c3 48 8b 05 bf 32 01 00 48 85
0x000000007110b65b:   c0 74 64 48 8b 10 48 89 13 48 89 18 48 83 c4 28
0x000000007110b66b:   5b 5e 5f 5d c3 48 89 f2 48 83 c4 28 5b 5e 5f 5d
0x000000007110b67b:   48 ff e2 66 90 e8 8b fc ff ff 48 89 05 84 32 01
0x000000007110b68b:   00 eb ac 66 90 e8 ab fd ff ff e9 4b ff ff ff 66
0x000000007110b69b:   0f 1f 44 00 00 e8 db fc ff ff 48 89 05 5c 32 01
0x000000007110b6ab:   00 e9 2a ff ff ff e8 ca fc ff ff 48 89 05 4b 32
0x000000007110b6bb:   01 00 e9 33 ff ff ff e8 29 fc ff ff 48 89 05 4a
0x000000007110b6cb:   32 01 00 48 8b 10 48 85 c0 48 89 13 75 8b e8 12 


Stack slot to memory mapping:
stack at sp + 0 slots: 0x00000174f001af30 points into unknown readable memory: 0x00000174c8651500 | 00 15 65 c8 74 01 00 00
stack at sp + 1 slots: 0x000000246e47fb91 is an unknown value
stack at sp + 2 slots: 0x000000007110b230 jSSC-2.8_x86_64.dll
stack at sp + 3 slots: 0x00000174f00f8540 points into unknown readable memory: 0x00000174f001af30 | 30 af 01 f0 74 01 00 00
stack at sp + 4 slots: 0x0000005af85fdfb0 is pointing into the stack for thread: 0x00000174efb191e0
stack at sp + 5 slots: 0x0000000000000004 is an unknown value
stack at sp + 6 slots: 0x00000174efb19508 points into unknown readable memory: 0x00007ffc10a2be40 | 40 be a2 10 fc 7f 00 00
stack at sp + 7 slots: 0x000000000000012c is an unknown value


---------------  P R O C E S S  ---------------

Threads class SMR info:
_java_thread_list=0x00000174f00c7e30, length=16, elements={
0x00000174ee24cf90, 0x00000174ee24da70, 0x00000174eea6e480, 0x00000174eea70d50,
0x00000174eea71710, 0x00000174eea734c0, 0x00000174eea74710, 0x00000174eea78530,
0x00000174eeb85fa0, 0x00000174eebee9f0, 0x00000174eedfea60, 0x00000174eee31f50,
0x00000174eee32790, 0x00000174efb191e0, 0x00000174ca711d50, 0x00000174f0231810
}

Java Threads: ( => current thread )
  0x00000174ee24cf90 JavaThread "Reference Handler" daemon [_thread_blocked, id=14720, stack(0x0000005af7600000,0x0000005af7700000)]
  0x00000174ee24da70 JavaThread "Finalizer" daemon [_thread_blocked, id=14452, stack(0x0000005af7700000,0x0000005af7800000)]
  0x00000174eea6e480 JavaThread "Signal Dispatcher" daemon [_thread_blocked, id=16300, stack(0x0000005af7800000,0x0000005af7900000)]
  0x00000174eea70d50 JavaThread "Attach Listener" daemon [_thread_blocked, id=15588, stack(0x0000005af7900000,0x0000005af7a00000)]
  0x00000174eea71710 JavaThread "Service Thread" daemon [_thread_blocked, id=2700, stack(0x0000005af7a00000,0x0000005af7b00000)]
  0x00000174eea734c0 JavaThread "C2 CompilerThread0" daemon [_thread_blocked, id=14008, stack(0x0000005af7b00000,0x0000005af7c00000)]
  0x00000174eea74710 JavaThread "C1 CompilerThread0" daemon [_thread_blocked, id=12800, stack(0x0000005af7c00000,0x0000005af7d00000)]
  0x00000174eea78530 JavaThread "Sweeper thread" daemon [_thread_blocked, id=3868, stack(0x0000005af7d00000,0x0000005af7e00000)]
  0x00000174eeb85fa0 JavaThread "Common-Cleaner" daemon [_thread_blocked, id=1860, stack(0x0000005af7e00000,0x0000005af7f00000)]
  0x00000174eebee9f0 JavaThread "Notification Thread" daemon [_thread_blocked, id=11404, stack(0x0000005af8000000,0x0000005af8100000)]
  0x00000174eedfea60 JavaThread "Java2D Disposer" daemon [_thread_blocked, id=16252, stack(0x0000005af8200000,0x0000005af8300000)]
  0x00000174eee31f50 JavaThread "AWT-Shutdown" [_thread_blocked, id=14104, stack(0x0000005af8300000,0x0000005af8400000)]
  0x00000174eee32790 JavaThread "AWT-Windows" daemon [_thread_in_native, id=9708, stack(0x0000005af8400000,0x0000005af8500000)]
=>0x00000174efb191e0 JavaThread "AWT-EventQueue-0" [_thread_in_native, id=14968, stack(0x0000005af8500000,0x0000005af8600000)]
  0x00000174ca711d50 JavaThread "DestroyJavaVM" [_thread_blocked, id=7964, stack(0x0000005af6f00000,0x0000005af7000000)]
  0x00000174f0231810 JavaThread "TimerQueue" daemon [_thread_blocked, id=15996, stack(0x0000005af8900000,0x0000005af8a00000)]

Other Threads:
  0x00000174eea590a0 VMThread "VM Thread" [stack: 0x0000005af7500000,0x0000005af7600000] [id=14760]
  0x00000174ca712f00 WatcherThread [stack: 0x0000005af8100000,0x0000005af8200000] [id=1956]
  0x00000174ca761ed0 GCTaskThread "GC Thread#0" [stack: 0x0000005af7000000,0x0000005af7100000] [id=9152]
  0x00000174ca774ef0 ConcurrentGCThread "G1 Main Marker" [stack: 0x0000005af7100000,0x0000005af7200000] [id=2080]
  0x00000174ca775a70 ConcurrentGCThread "G1 Conc#0" [stack: 0x0000005af7200000,0x0000005af7300000] [id=3180]
  0x00000174ee0d20d0 ConcurrentGCThread "G1 Refine#0" [stack: 0x0000005af7300000,0x0000005af7400000] [id=15760]
  0x00000174ee0d2ae0 ConcurrentGCThread "G1 Young RemSet Sampling" [stack: 0x0000005af7400000,0x0000005af7500000] [id=6660]

Threads with active compile tasks:

VM state: not at safepoint (normal execution)

VM Mutex/Monitor currently owned by a thread: None

Heap address: 0x0000000701e00000, size: 4066 MB, Compressed Oops mode: Zero based, Oop shift amount: 3
CDS archive(s) mapped at: [0x0000000800000000-0x0000000800b50000-0x0000000800b50000), size 11862016, SharedBaseAddress: 0x0000000800000000, ArchiveRelocationMode: 0.
Compressed class space mapped at: 0x0000000800b50000-0x0000000840b50000, size: 1073741824
Narrow klass base: 0x0000000800000000, Narrow klass shift: 3, Narrow klass range: 0x100000000

GC Precious Log:
 CPUs: 12 total, 12 available
 Memory: 16257M
 Large Page Support: Disabled
 NUMA Support: Disabled
 Compressed Oops: Enabled (Zero based)
 Heap Region Size: 2M
 Heap Min Capacity: 8M
 Heap Initial Capacity: 256M
 Heap Max Capacity: 4066M
 Pre-touch: Disabled
 Parallel Workers: 10
 Concurrent Workers: 3
 Concurrent Refinement Workers: 10
 Periodic GC: Disabled

Heap:
 garbage-first heap   total 262144K, used 14336K [0x0000000701e00000, 0x0000000800000000)
  region size 2048K, 6 young (12288K), 0 survivors (0K)
 Metaspace       used 11750K, capacity 11871K, committed 12160K, reserved 1060864K
  class space    used 1325K, capacity 1374K, committed 1408K, reserved 1048576K

Heap Regions: E=young(eden), S=young(survivor), O=old, HS=humongous(starts), HC=humongous(continues), CS=collection set, F=free, OA=open archive, CA=closed archive, TAMS=top-at-mark-start (previous, next)
|   0|0x0000000701e00000, 0x0000000702000000, 0x0000000702000000|100%|HS|  |TAMS 0x0000000701e00000, 0x0000000701e00000| Complete 
|   1|0x0000000702000000, 0x0000000702200000, 0x0000000702200000|100%|HC|  |TAMS 0x0000000702000000, 0x0000000702000000| Complete 
|   2|0x0000000702200000, 0x0000000702200000, 0x0000000702400000|  0%| F|  |TAMS 0x0000000702200000, 0x0000000702200000| Untracked 
|   3|0x0000000702400000, 0x0000000702400000, 0x0000000702600000|  0%| F|  |TAMS 0x0000000702400000, 0x0000000702400000| Untracked 
|   4|0x0000000702600000, 0x0000000702600000, 0x0000000702800000|  0%| F|  |TAMS 0x0000000702600000, 0x0000000702600000| Untracked 
|   5|0x0000000702800000, 0x0000000702800000, 0x0000000702a00000|  0%| F|  |TAMS 0x0000000702800000, 0x0000000702800000| Untracked 
|   6|0x0000000702a00000, 0x0000000702a00000, 0x0000000702c00000|  0%| F|  |TAMS 0x0000000702a00000, 0x0000000702a00000| Untracked 
|   7|0x0000000702c00000, 0x0000000702c00000, 0x0000000702e00000|  0%| F|  |TAMS 0x0000000702c00000, 0x0000000702c00000| Untracked 
|   8|0x0000000702e00000, 0x0000000702e00000, 0x0000000703000000|  0%| F|  |TAMS 0x0000000702e00000, 0x0000000702e00000| Untracked 
|   9|0x0000000703000000, 0x0000000703000000, 0x0000000703200000|  0%| F|  |TAMS 0x0000000703000000, 0x0000000703000000| Untracked 
|  10|0x0000000703200000, 0x0000000703200000, 0x0000000703400000|  0%| F|  |TAMS 0x0000000703200000, 0x0000000703200000| Untracked 
|  11|0x0000000703400000, 0x0000000703400000, 0x0000000703600000|  0%| F|  |TAMS 0x0000000703400000, 0x0000000703400000| Untracked 
|  12|0x0000000703600000, 0x0000000703600000, 0x0000000703800000|  0%| F|  |TAMS 0x0000000703600000, 0x0000000703600000| Untracked 
|  13|0x0000000703800000, 0x0000000703800000, 0x0000000703a00000|  0%| F|  |TAMS 0x0000000703800000, 0x0000000703800000| Untracked 
|  14|0x0000000703a00000, 0x0000000703a00000, 0x0000000703c00000|  0%| F|  |TAMS 0x0000000703a00000, 0x0000000703a00000| Untracked 
|  15|0x0000000703c00000, 0x0000000703c00000, 0x0000000703e00000|  0%| F|  |TAMS 0x0000000703c00000, 0x0000000703c00000| Untracked 
|  16|0x0000000703e00000, 0x0000000703e00000, 0x0000000704000000|  0%| F|  |TAMS 0x0000000703e00000, 0x0000000703e00000| Untracked 
|  17|0x0000000704000000, 0x0000000704000000, 0x0000000704200000|  0%| F|  |TAMS 0x0000000704000000, 0x0000000704000000| Untracked 
|  18|0x0000000704200000, 0x0000000704200000, 0x0000000704400000|  0%| F|  |TAMS 0x0000000704200000, 0x0000000704200000| Untracked 
|  19|0x0000000704400000, 0x0000000704400000, 0x0000000704600000|  0%| F|  |TAMS 0x0000000704400000, 0x0000000704400000| Untracked 
|  20|0x0000000704600000, 0x0000000704600000, 0x0000000704800000|  0%| F|  |TAMS 0x0000000704600000, 0x0000000704600000| Untracked 
|  21|0x0000000704800000, 0x0000000704800000, 0x0000000704a00000|  0%| F|  |TAMS 0x0000000704800000, 0x0000000704800000| Untracked 
|  22|0x0000000704a00000, 0x0000000704a00000, 0x0000000704c00000|  0%| F|  |TAMS 0x0000000704a00000, 0x0000000704a00000| Untracked 
|  23|0x0000000704c00000, 0x0000000704c00000, 0x0000000704e00000|  0%| F|  |TAMS 0x0000000704c00000, 0x0000000704c00000| Untracked 
|  24|0x0000000704e00000, 0x0000000704e00000, 0x0000000705000000|  0%| F|  |TAMS 0x0000000704e00000, 0x0000000704e00000| Untracked 
|  25|0x0000000705000000, 0x0000000705000000, 0x0000000705200000|  0%| F|  |TAMS 0x0000000705000000, 0x0000000705000000| Untracked 
|  26|0x0000000705200000, 0x0000000705200000, 0x0000000705400000|  0%| F|  |TAMS 0x0000000705200000, 0x0000000705200000| Untracked 
|  27|0x0000000705400000, 0x0000000705400000, 0x0000000705600000|  0%| F|  |TAMS 0x0000000705400000, 0x0000000705400000| Untracked 
|  28|0x0000000705600000, 0x0000000705600000, 0x0000000705800000|  0%| F|  |TAMS 0x0000000705600000, 0x0000000705600000| Untracked 
|  29|0x0000000705800000, 0x0000000705800000, 0x0000000705a00000|  0%| F|  |TAMS 0x0000000705800000, 0x0000000705800000| Untracked 
|  30|0x0000000705a00000, 0x0000000705a00000, 0x0000000705c00000|  0%| F|  |TAMS 0x0000000705a00000, 0x0000000705a00000| Untracked 
|  31|0x0000000705c00000, 0x0000000705c00000, 0x0000000705e00000|  0%| F|  |TAMS 0x0000000705c00000, 0x0000000705c00000| Untracked 
|  32|0x0000000705e00000, 0x0000000705e00000, 0x0000000706000000|  0%| F|  |TAMS 0x0000000705e00000, 0x0000000705e00000| Untracked 
|  33|0x0000000706000000, 0x0000000706000000, 0x0000000706200000|  0%| F|  |TAMS 0x0000000706000000, 0x0000000706000000| Untracked 
|  34|0x0000000706200000, 0x0000000706200000, 0x0000000706400000|  0%| F|  |TAMS 0x0000000706200000, 0x0000000706200000| Untracked 
|  35|0x0000000706400000, 0x0000000706400000, 0x0000000706600000|  0%| F|  |TAMS 0x0000000706400000, 0x0000000706400000| Untracked 
|  36|0x0000000706600000, 0x0000000706600000, 0x0000000706800000|  0%| F|  |TAMS 0x0000000706600000, 0x0000000706600000| Untracked 
|  37|0x0000000706800000, 0x0000000706800000, 0x0000000706a00000|  0%| F|  |TAMS 0x0000000706800000, 0x0000000706800000| Untracked 
|  38|0x0000000706a00000, 0x0000000706a00000, 0x0000000706c00000|  0%| F|  |TAMS 0x0000000706a00000, 0x0000000706a00000| Untracked 
|  39|0x0000000706c00000, 0x0000000706c00000, 0x0000000706e00000|  0%| F|  |TAMS 0x0000000706c00000, 0x0000000706c00000| Untracked 
|  40|0x0000000706e00000, 0x0000000706e00000, 0x0000000707000000|  0%| F|  |TAMS 0x0000000706e00000, 0x0000000706e00000| Untracked 
|  41|0x0000000707000000, 0x0000000707000000, 0x0000000707200000|  0%| F|  |TAMS 0x0000000707000000, 0x0000000707000000| Untracked 
|  42|0x0000000707200000, 0x0000000707200000, 0x0000000707400000|  0%| F|  |TAMS 0x0000000707200000, 0x0000000707200000| Untracked 
|  43|0x0000000707400000, 0x0000000707400000, 0x0000000707600000|  0%| F|  |TAMS 0x0000000707400000, 0x0000000707400000| Untracked 
|  44|0x0000000707600000, 0x0000000707600000, 0x0000000707800000|  0%| F|  |TAMS 0x0000000707600000, 0x0000000707600000| Untracked 
|  45|0x0000000707800000, 0x0000000707800000, 0x0000000707a00000|  0%| F|  |TAMS 0x0000000707800000, 0x0000000707800000| Untracked 
|  46|0x0000000707a00000, 0x0000000707a00000, 0x0000000707c00000|  0%| F|  |TAMS 0x0000000707a00000, 0x0000000707a00000| Untracked 
|  47|0x0000000707c00000, 0x0000000707c00000, 0x0000000707e00000|  0%| F|  |TAMS 0x0000000707c00000, 0x0000000707c00000| Untracked 
|  48|0x0000000707e00000, 0x0000000707e00000, 0x0000000708000000|  0%| F|  |TAMS 0x0000000707e00000, 0x0000000707e00000| Untracked 
|  49|0x0000000708000000, 0x0000000708000000, 0x0000000708200000|  0%| F|  |TAMS 0x0000000708000000, 0x0000000708000000| Untracked 
|  50|0x0000000708200000, 0x0000000708200000, 0x0000000708400000|  0%| F|  |TAMS 0x0000000708200000, 0x0000000708200000| Untracked 
|  51|0x0000000708400000, 0x0000000708400000, 0x0000000708600000|  0%| F|  |TAMS 0x0000000708400000, 0x0000000708400000| Untracked 
|  52|0x0000000708600000, 0x0000000708600000, 0x0000000708800000|  0%| F|  |TAMS 0x0000000708600000, 0x0000000708600000| Untracked 
|  53|0x0000000708800000, 0x0000000708800000, 0x0000000708a00000|  0%| F|  |TAMS 0x0000000708800000, 0x0000000708800000| Untracked 
|  54|0x0000000708a00000, 0x0000000708a00000, 0x0000000708c00000|  0%| F|  |TAMS 0x0000000708a00000, 0x0000000708a00000| Untracked 
|  55|0x0000000708c00000, 0x0000000708c00000, 0x0000000708e00000|  0%| F|  |TAMS 0x0000000708c00000, 0x0000000708c00000| Untracked 
|  56|0x0000000708e00000, 0x0000000708e00000, 0x0000000709000000|  0%| F|  |TAMS 0x0000000708e00000, 0x0000000708e00000| Untracked 
|  57|0x0000000709000000, 0x0000000709000000, 0x0000000709200000|  0%| F|  |TAMS 0x0000000709000000, 0x0000000709000000| Untracked 
|  58|0x0000000709200000, 0x0000000709200000, 0x0000000709400000|  0%| F|  |TAMS 0x0000000709200000, 0x0000000709200000| Untracked 
|  59|0x0000000709400000, 0x0000000709400000, 0x0000000709600000|  0%| F|  |TAMS 0x0000000709400000, 0x0000000709400000| Untracked 
|  60|0x0000000709600000, 0x0000000709600000, 0x0000000709800000|  0%| F|  |TAMS 0x0000000709600000, 0x0000000709600000| Untracked 
|  61|0x0000000709800000, 0x0000000709800000, 0x0000000709a00000|  0%| F|  |TAMS 0x0000000709800000, 0x0000000709800000| Untracked 
|  62|0x0000000709a00000, 0x0000000709a00000, 0x0000000709c00000|  0%| F|  |TAMS 0x0000000709a00000, 0x0000000709a00000| Untracked 
|  63|0x0000000709c00000, 0x0000000709c00000, 0x0000000709e00000|  0%| F|  |TAMS 0x0000000709c00000, 0x0000000709c00000| Untracked 
|  64|0x0000000709e00000, 0x0000000709e00000, 0x000000070a000000|  0%| F|  |TAMS 0x0000000709e00000, 0x0000000709e00000| Untracked 
|  65|0x000000070a000000, 0x000000070a000000, 0x000000070a200000|  0%| F|  |TAMS 0x000000070a000000, 0x000000070a000000| Untracked 
|  66|0x000000070a200000, 0x000000070a200000, 0x000000070a400000|  0%| F|  |TAMS 0x000000070a200000, 0x000000070a200000| Untracked 
|  67|0x000000070a400000, 0x000000070a400000, 0x000000070a600000|  0%| F|  |TAMS 0x000000070a400000, 0x000000070a400000| Untracked 
|  68|0x000000070a600000, 0x000000070a600000, 0x000000070a800000|  0%| F|  |TAMS 0x000000070a600000, 0x000000070a600000| Untracked 
|  69|0x000000070a800000, 0x000000070a800000, 0x000000070aa00000|  0%| F|  |TAMS 0x000000070a800000, 0x000000070a800000| Untracked 
|  70|0x000000070aa00000, 0x000000070aa00000, 0x000000070ac00000|  0%| F|  |TAMS 0x000000070aa00000, 0x000000070aa00000| Untracked 
|  71|0x000000070ac00000, 0x000000070ac00000, 0x000000070ae00000|  0%| F|  |TAMS 0x000000070ac00000, 0x000000070ac00000| Untracked 
|  72|0x000000070ae00000, 0x000000070ae00000, 0x000000070b000000|  0%| F|  |TAMS 0x000000070ae00000, 0x000000070ae00000| Untracked 
|  73|0x000000070b000000, 0x000000070b000000, 0x000000070b200000|  0%| F|  |TAMS 0x000000070b000000, 0x000000070b000000| Untracked 
|  74|0x000000070b200000, 0x000000070b200000, 0x000000070b400000|  0%| F|  |TAMS 0x000000070b200000, 0x000000070b200000| Untracked 
|  75|0x000000070b400000, 0x000000070b400000, 0x000000070b600000|  0%| F|  |TAMS 0x000000070b400000, 0x000000070b400000| Untracked 
|  76|0x000000070b600000, 0x000000070b600000, 0x000000070b800000|  0%| F|  |TAMS 0x000000070b600000, 0x000000070b600000| Untracked 
|  77|0x000000070b800000, 0x000000070b800000, 0x000000070ba00000|  0%| F|  |TAMS 0x000000070b800000, 0x000000070b800000| Untracked 
|  78|0x000000070ba00000, 0x000000070ba00000, 0x000000070bc00000|  0%| F|  |TAMS 0x000000070ba00000, 0x000000070ba00000| Untracked 
|  79|0x000000070bc00000, 0x000000070bc00000, 0x000000070be00000|  0%| F|  |TAMS 0x000000070bc00000, 0x000000070bc00000| Untracked 
|  80|0x000000070be00000, 0x000000070be00000, 0x000000070c000000|  0%| F|  |TAMS 0x000000070be00000, 0x000000070be00000| Untracked 
|  81|0x000000070c000000, 0x000000070c000000, 0x000000070c200000|  0%| F|  |TAMS 0x000000070c000000, 0x000000070c000000| Untracked 
|  82|0x000000070c200000, 0x000000070c200000, 0x000000070c400000|  0%| F|  |TAMS 0x000000070c200000, 0x000000070c200000| Untracked 
|  83|0x000000070c400000, 0x000000070c400000, 0x000000070c600000|  0%| F|  |TAMS 0x000000070c400000, 0x000000070c400000| Untracked 
|  84|0x000000070c600000, 0x000000070c600000, 0x000000070c800000|  0%| F|  |TAMS 0x000000070c600000, 0x000000070c600000| Untracked 
|  85|0x000000070c800000, 0x000000070c800000, 0x000000070ca00000|  0%| F|  |TAMS 0x000000070c800000, 0x000000070c800000| Untracked 
|  86|0x000000070ca00000, 0x000000070ca00000, 0x000000070cc00000|  0%| F|  |TAMS 0x000000070ca00000, 0x000000070ca00000| Untracked 
|  87|0x000000070cc00000, 0x000000070cc00000, 0x000000070ce00000|  0%| F|  |TAMS 0x000000070cc00000, 0x000000070cc00000| Untracked 
|  88|0x000000070ce00000, 0x000000070ce00000, 0x000000070d000000|  0%| F|  |TAMS 0x000000070ce00000, 0x000000070ce00000| Untracked 
|  89|0x000000070d000000, 0x000000070d000000, 0x000000070d200000|  0%| F|  |TAMS 0x000000070d000000, 0x000000070d000000| Untracked 
|  90|0x000000070d200000, 0x000000070d200000, 0x000000070d400000|  0%| F|  |TAMS 0x000000070d200000, 0x000000070d200000| Untracked 
|  91|0x000000070d400000, 0x000000070d400000, 0x000000070d600000|  0%| F|  |TAMS 0x000000070d400000, 0x000000070d400000| Untracked 
|  92|0x000000070d600000, 0x000000070d600000, 0x000000070d800000|  0%| F|  |TAMS 0x000000070d600000, 0x000000070d600000| Untracked 
|  93|0x000000070d800000, 0x000000070d800000, 0x000000070da00000|  0%| F|  |TAMS 0x000000070d800000, 0x000000070d800000| Untracked 
|  94|0x000000070da00000, 0x000000070da00000, 0x000000070dc00000|  0%| F|  |TAMS 0x000000070da00000, 0x000000070da00000| Untracked 
|  95|0x000000070dc00000, 0x000000070dc00000, 0x000000070de00000|  0%| F|  |TAMS 0x000000070dc00000, 0x000000070dc00000| Untracked 
|  96|0x000000070de00000, 0x000000070de00000, 0x000000070e000000|  0%| F|  |TAMS 0x000000070de00000, 0x000000070de00000| Untracked 
|  97|0x000000070e000000, 0x000000070e000000, 0x000000070e200000|  0%| F|  |TAMS 0x000000070e000000, 0x000000070e000000| Untracked 
|  98|0x000000070e200000, 0x000000070e200000, 0x000000070e400000|  0%| F|  |TAMS 0x000000070e200000, 0x000000070e200000| Untracked 
|  99|0x000000070e400000, 0x000000070e400000, 0x000000070e600000|  0%| F|  |TAMS 0x000000070e400000, 0x000000070e400000| Untracked 
| 100|0x000000070e600000, 0x000000070e600000, 0x000000070e800000|  0%| F|  |TAMS 0x000000070e600000, 0x000000070e600000| Untracked 
| 101|0x000000070e800000, 0x000000070e800000, 0x000000070ea00000|  0%| F|  |TAMS 0x000000070e800000, 0x000000070e800000| Untracked 
| 102|0x000000070ea00000, 0x000000070ea00000, 0x000000070ec00000|  0%| F|  |TAMS 0x000000070ea00000, 0x000000070ea00000| Untracked 
| 103|0x000000070ec00000, 0x000000070ec00000, 0x000000070ee00000|  0%| F|  |TAMS 0x000000070ec00000, 0x000000070ec00000| Untracked 
| 104|0x000000070ee00000, 0x000000070ee00000, 0x000000070f000000|  0%| F|  |TAMS 0x000000070ee00000, 0x000000070ee00000| Untracked 
| 105|0x000000070f000000, 0x000000070f000000, 0x000000070f200000|  0%| F|  |TAMS 0x000000070f000000, 0x000000070f000000| Untracked 
| 106|0x000000070f200000, 0x000000070f200000, 0x000000070f400000|  0%| F|  |TAMS 0x000000070f200000, 0x000000070f200000| Untracked 
| 107|0x000000070f400000, 0x000000070f400000, 0x000000070f600000|  0%| F|  |TAMS 0x000000070f400000, 0x000000070f400000| Untracked 
| 108|0x000000070f600000, 0x000000070f600000, 0x000000070f800000|  0%| F|  |TAMS 0x000000070f600000, 0x000000070f600000| Untracked 
| 109|0x000000070f800000, 0x000000070f800000, 0x000000070fa00000|  0%| F|  |TAMS 0x000000070f800000, 0x000000070f800000| Untracked 
| 110|0x000000070fa00000, 0x000000070fa00000, 0x000000070fc00000|  0%| F|  |TAMS 0x000000070fa00000, 0x000000070fa00000| Untracked 
| 111|0x000000070fc00000, 0x000000070fc00000, 0x000000070fe00000|  0%| F|  |TAMS 0x000000070fc00000, 0x000000070fc00000| Untracked 
| 112|0x000000070fe00000, 0x000000070fe00000, 0x0000000710000000|  0%| F|  |TAMS 0x000000070fe00000, 0x000000070fe00000| Untracked 
| 113|0x0000000710000000, 0x0000000710000000, 0x0000000710200000|  0%| F|  |TAMS 0x0000000710000000, 0x0000000710000000| Untracked 
| 114|0x0000000710200000, 0x0000000710200000, 0x0000000710400000|  0%| F|  |TAMS 0x0000000710200000, 0x0000000710200000| Untracked 
| 115|0x0000000710400000, 0x0000000710400000, 0x0000000710600000|  0%| F|  |TAMS 0x0000000710400000, 0x0000000710400000| Untracked 
| 116|0x0000000710600000, 0x0000000710600000, 0x0000000710800000|  0%| F|  |TAMS 0x0000000710600000, 0x0000000710600000| Untracked 
| 117|0x0000000710800000, 0x0000000710800000, 0x0000000710a00000|  0%| F|  |TAMS 0x0000000710800000, 0x0000000710800000| Untracked 
| 118|0x0000000710a00000, 0x0000000710a00000, 0x0000000710c00000|  0%| F|  |TAMS 0x0000000710a00000, 0x0000000710a00000| Untracked 
| 119|0x0000000710c00000, 0x0000000710c00000, 0x0000000710e00000|  0%| F|  |TAMS 0x0000000710c00000, 0x0000000710c00000| Untracked 
| 120|0x0000000710e00000, 0x0000000710e00000, 0x0000000711000000|  0%| F|  |TAMS 0x0000000710e00000, 0x0000000710e00000| Untracked 
| 121|0x0000000711000000, 0x0000000711000000, 0x0000000711200000|  0%| F|  |TAMS 0x0000000711000000, 0x0000000711000000| Untracked 
| 122|0x0000000711200000, 0x00000007113c6ba8, 0x0000000711400000| 88%| E|  |TAMS 0x0000000711200000, 0x0000000711200000| Complete 
| 123|0x0000000711400000, 0x0000000711600000, 0x0000000711600000|100%| E|CS|TAMS 0x0000000711400000, 0x0000000711400000| Complete 
| 124|0x0000000711600000, 0x0000000711800000, 0x0000000711800000|100%| E|CS|TAMS 0x0000000711600000, 0x0000000711600000| Complete 
| 125|0x0000000711800000, 0x0000000711a00000, 0x0000000711a00000|100%| E|CS|TAMS 0x0000000711800000, 0x0000000711800000| Complete 
| 126|0x0000000711a00000, 0x0000000711c00000, 0x0000000711c00000|100%| E|CS|TAMS 0x0000000711a00000, 0x0000000711a00000| Complete 
| 127|0x0000000711c00000, 0x0000000711e00000, 0x0000000711e00000|100%| E|CS|TAMS 0x0000000711c00000, 0x0000000711c00000| Complete 

Card table byte_map: [0x00000174e2690000,0x00000174e2e90000] _byte_map_base: 0x00000174dee81000

Marking Bits (Prev, Next): (CMBitMap*) 0x00000174ca764670, (CMBitMap*) 0x00000174ca7646b0
 Prev Bits: [0x00000174e3690000, 0x00000174e7618000)
 Next Bits: [0x00000174e7620000, 0x00000174eb5a8000)

Polling page: 0x00000174c9ee0000

Metaspace:

Usage:
  Non-class:     10.25 MB capacity,    10.18 MB (>99%) used,    58.34 KB ( <1%) free+waste,    13.69 KB ( <1%) overhead. 
      Class:      1.34 MB capacity,     1.29 MB ( 96%) used,    42.92 KB (  3%) free+waste,     5.44 KB ( <1%) overhead. 
       Both:     11.59 MB capacity,    11.48 MB ( 99%) used,   101.27 KB ( <1%) free+waste,    19.13 KB ( <1%) overhead. 

Virtual space:
  Non-class space:       12.00 MB reserved,      10.50 MB ( 88%) committed 
      Class space:        1.00 GB reserved,       1.38 MB ( <1%) committed 
             Both:        1.01 GB reserved,      11.88 MB (  1%) committed 

Chunk freelists:
   Non-Class:  63.00 KB
       Class:  2.00 KB
        Both:  65.00 KB

MaxMetaspaceSize: 17179869184.00 GB
CompressedClassSpaceSize: 1.00 GB

CodeHeap 'non-profiled nmethods': size=120000Kb used=543Kb max_used=543Kb free=119456Kb
 bounds [0x00000174da410000, 0x00000174da680000, 0x00000174e1940000]
CodeHeap 'profiled nmethods': size=120000Kb used=2774Kb max_used=2774Kb free=117225Kb
 bounds [0x00000174d2ee0000, 0x00000174d31a0000, 0x00000174da410000]
CodeHeap 'non-nmethods': size=5760Kb used=1325Kb max_used=1358Kb free=4434Kb
 bounds [0x00000174d2940000, 0x00000174d2bb0000, 0x00000174d2ee0000]
 total_blobs=2151 nmethods=1524 adapters=539
 compilation: enabled
              stopped_count=0, restarted_count=0
 full_count=0

Compilation events (20 events):
Event: 2.373 Thread 0x00000174eea74710 1517       3       sun.util.locale.LocaleUtils::isUpper (18 bytes)
Event: 2.373 Thread 0x00000174eea74710 nmethod 1517 0x00000174d3192b90 code [0x00000174d3192d20, 0x00000174d3192e98]
Event: 2.376 Thread 0x00000174eea74710 1518       3       javax.swing.plaf.synth.SynthContext::getPainter (19 bytes)
Event: 2.376 Thread 0x00000174eea74710 nmethod 1518 0x00000174d3192f10 code [0x00000174d31930c0, 0x00000174d3193328]
Event: 2.376 Thread 0x00000174eea74710 1519       3       javax.swing.plaf.nimbus.NimbusStyle::getPainter (5 bytes)
Event: 2.377 Thread 0x00000174eea74710 nmethod 1519 0x00000174d3193410 code [0x00000174d31935a0, 0x00000174d3193698]
Event: 2.377 Thread 0x00000174eea734c0 1520       4       sun.java2d.marlin.MarlinCache::copyAARowRLE_WithBlockFlags (733 bytes)
Event: 2.378 Thread 0x00000174eea74710 1521       3       sun.java2d.pipe.DrawImage::copyImage (91 bytes)
Event: 2.379 Thread 0x00000174eea74710 nmethod 1521 0x00000174d3193710 code [0x00000174d3193900, 0x00000174d3193f18]
Event: 2.379 Thread 0x00000174eea74710 1522       3       sun.java2d.pipe.DrawImage::copyImage (74 bytes)
Event: 2.379 Thread 0x00000174eea74710 nmethod 1522 0x00000174d3194090 code [0x00000174d3194260, 0x00000174d3194618]
Event: 2.397 Thread 0x00000174eea734c0 nmethod 1520 0x00000174da494390 code [0x00000174da494560, 0x00000174da495bb8]
Event: 2.398 Thread 0x00000174eea734c0 1523       4       sun.java2d.SunGraphics2D::invalidatePipe (41 bytes)
Event: 2.400 Thread 0x00000174eea734c0 nmethod 1523 0x00000174da496f90 code [0x00000174da497100, 0x00000174da497678]
Event: 2.453 Thread 0x00000174eea74710 1524       1       java.net.URL::getFile (5 bytes)
Event: 2.453 Thread 0x00000174eea74710 nmethod 1524 0x00000174da497710 code [0x00000174da4978a0, 0x00000174da497958]
Event: 2.453 Thread 0x00000174eea74710 1525   !   3       java.util.WeakHashMap::expungeStaleEntries (139 bytes)
Event: 2.454 Thread 0x00000174eea74710 nmethod 1525 0x00000174d3194790 code [0x00000174d31949a0, 0x00000174d3195408]
Event: 2.454 Thread 0x00000174eea74710 1526       1       java.security.CodeSource::getLocationNoFragString (5 bytes)
Event: 2.454 Thread 0x00000174eea74710 nmethod 1526 0x00000174da497a10 code [0x00000174da497ba0, 0x00000174da497c58]

GC Heap History (0 events):
No events

Deoptimization events (20 events):
Event: 1.526 Thread 0x00000174efb191e0 DEOPT PACKING pc=0x00000174da47fc08 sp=0x0000005af85fd1b0
Event: 1.526 Thread 0x00000174efb191e0 DEOPT UNPACKING pc=0x00000174d298e42f sp=0x0000005af85fd168 mode 2
Event: 1.526 Thread 0x00000174efb191e0 Uncommon trap: trap_request=0xffffffbe fr.pc=0x00000174da46da1c relative=0x000000000000083c
Event: 1.526 Thread 0x00000174efb191e0 Uncommon trap: reason=profile_predicate action=maybe_recompile pc=0x00000174da46da1c method=java.awt.LinearGradientPaintContext.fillRaster([IIIIIII)V @ 50 c2
Event: 1.526 Thread 0x00000174efb191e0 DEOPT PACKING pc=0x00000174da46da1c sp=0x0000005af85fd190
Event: 1.526 Thread 0x00000174efb191e0 DEOPT UNPACKING pc=0x00000174d298e42f sp=0x0000005af85fd178 mode 2
Event: 1.526 Thread 0x00000174efb191e0 Uncommon trap: trap_request=0xffffffbe fr.pc=0x00000174da47fc08 relative=0x0000000000000728
Event: 1.526 Thread 0x00000174efb191e0 Uncommon trap: reason=profile_predicate action=maybe_recompile pc=0x00000174da47fc08 method=java.awt.LinearGradientPaintContext.fillRaster([IIIIIII)V @ 53 c2
Event: 1.526 Thread 0x00000174efb191e0 DEOPT PACKING pc=0x00000174da47fc08 sp=0x0000005af85fd1b0
Event: 1.526 Thread 0x00000174efb191e0 DEOPT UNPACKING pc=0x00000174d298e42f sp=0x0000005af85fd168 mode 2
Event: 1.676 Thread 0x00000174efb191e0 DEOPT PACKING pc=0x00000174d313009e sp=0x0000005af85fd0b0
Event: 1.676 Thread 0x00000174efb191e0 DEOPT UNPACKING pc=0x00000174d298e23f sp=0x0000005af85fc500 mode 0
Event: 1.757 Thread 0x00000174efb191e0 DEOPT PACKING pc=0x00000174d313009e sp=0x0000005af85fd0d0
Event: 1.757 Thread 0x00000174efb191e0 DEOPT UNPACKING pc=0x00000174d298e23f sp=0x0000005af85fc520 mode 0
Event: 1.764 Thread 0x00000174efb191e0 DEOPT PACKING pc=0x00000174d3082288 sp=0x0000005af85fd2c0
Event: 1.764 Thread 0x00000174efb191e0 DEOPT UNPACKING pc=0x00000174d298e23f sp=0x0000005af85fc6e0 mode 0
Event: 1.844 Thread 0x00000174efb191e0 DEOPT PACKING pc=0x00000174d313009e sp=0x0000005af85fd0d0
Event: 1.844 Thread 0x00000174efb191e0 DEOPT UNPACKING pc=0x00000174d298e23f sp=0x0000005af85fc520 mode 0
Event: 2.377 Thread 0x00000174efb191e0 DEOPT PACKING pc=0x00000174d313009e sp=0x0000005af85fd0d0
Event: 2.377 Thread 0x00000174efb191e0 DEOPT UNPACKING pc=0x00000174d298e23f sp=0x0000005af85fc520 mode 0

Classes unloaded (0 events):
No events

Classes redefined (0 events):
No events

Internal exceptions (20 events):
Event: 0.182 Thread 0x00000174ca711d50 Exception <a 'java/lang/ClassNotFoundException'{0x00000007118fc280}: Button> (0x00000007118fc280) 
thrown [./open/src/hotspot/share/classfile/systemDictionary.cpp, line 295]
Event: 0.182 Thread 0x00000174ca711d50 Exception <a 'java/lang/ClassNotFoundException'{0x00000007118fc748}: ToolBar> (0x00000007118fc748) 
thrown [./open/src/hotspot/share/classfile/systemDictionary.cpp, line 295]
Event: 0.182 Thread 0x00000174ca711d50 Exception <a 'java/lang/ClassNotFoundException'{0x00000007118fcab8}: ToggleButton> (0x00000007118fcab8) 
thrown [./open/src/hotspot/share/classfile/systemDictionary.cpp, line 295]
Event: 0.182 Thread 0x00000174ca711d50 Exception <a 'java/lang/ClassNotFoundException'{0x00000007118fcef8}: javax/swing/JToolBarSeparator> (0x00000007118fcef8) 
thrown [./open/src/hotspot/share/classfile/systemDictionary.cpp, line 295]
Event: 0.182 Thread 0x00000174ca711d50 Exception <a 'java/lang/ClassNotFoundException'{0x00000007118fd200}: ToolBarSeparator> (0x00000007118fd200) 
thrown [./open/src/hotspot/share/classfile/systemDictionary.cpp, line 295]
Event: 0.182 Thread 0x00000174ca711d50 Exception <a 'java/lang/ClassNotFoundException'{0x00000007118fd718}: ToolTip> (0x00000007118fd718) 
thrown [./open/src/hotspot/share/classfile/systemDictionary.cpp, line 295]
Event: 0.183 Thread 0x00000174ca711d50 Exception <a 'java/lang/ClassNotFoundException'{0x00000007118fe068}: Tree> (0x00000007118fe068) 
thrown [./open/src/hotspot/share/classfile/systemDictionary.cpp, line 295]
Event: 0.183 Thread 0x00000174ca711d50 Exception <a 'java/lang/ClassNotFoundException'{0x00000007118fe560}: Tree> (0x00000007118fe560) 
thrown [./open/src/hotspot/share/classfile/systemDictionary.cpp, line 295]
Event: 0.183 Thread 0x00000174ca711d50 Exception <a 'java/lang/ClassNotFoundException'{0x00000007118fe8d0}: javax/swing/JTreeCell> (0x00000007118fe8d0) 
thrown [./open/src/hotspot/share/classfile/systemDictionary.cpp, line 295]
Event: 0.183 Thread 0x00000174ca711d50 Exception <a 'java/lang/ClassNotFoundException'{0x00000007118febd0}: TreeCell> (0x00000007118febd0) 
thrown [./open/src/hotspot/share/classfile/systemDictionary.cpp, line 295]
Event: 0.183 Thread 0x00000174ca711d50 Exception <a 'java/lang/ClassNotFoundException'{0x00000007118ff390}: RootPane> (0x00000007118ff390) 
thrown [./open/src/hotspot/share/classfile/systemDictionary.cpp, line 295]
Event: 0.184 Thread 0x00000174ca711d50 Exception <a 'java/lang/ClassNotFoundException'{0x00000007119021e0}: com/sun/swing/internal/plaf/metal/resources/spi/metalProvider> (0x00000007119021e0) 
thrown [./open/src/hotspot/share/classfile/systemDictionary.cpp, line 295]
Event: 0.185 Thread 0x00000174ca711d50 Exception <a 'java/lang/ClassNotFoundException'{0x00000007119060e8}: com/sun/swing/internal/plaf/basic/resources/spi/basicProvider> (0x00000007119060e8) 
thrown [./open/src/hotspot/share/classfile/systemDictionary.cpp, line 295]
Event: 0.199 Thread 0x00000174efb191e0 Exception <a 'java/lang/ClassNotFoundException'{0x00000007119701f0}: com/sun/swing/internal/plaf/synth/resources/spi/synthProvider> (0x00000007119701f0) 
thrown [./open/src/hotspot/share/classfile/systemDictionary.cpp, line 295]
Event: 0.275 Thread 0x00000174efb191e0 Exception <a 'java/lang/NoSuchMethodError'{0x0000000711706568}: 'void java.lang.invoke.DirectMethodHandle$Holder.invokeStaticInit(java.lang.Object)'> (0x0000000711706568) 
thrown [./open/src/hotspot/share/interpreter/linkResolver.cpp, line 782]
Event: 1.526 Thread 0x00000174efb191e0 Implicit null exception at 0x00000174da47f5e2 to 0x00000174da47fbcc
Event: 1.526 Thread 0x00000174efb191e0 Implicit null exception at 0x00000174da46d2d5 to 0x00000174da46d9d1
Event: 1.526 Thread 0x00000174efb191e0 Implicit null exception at 0x00000174da47f5e2 to 0x00000174da47fbcc
Event: 1.526 Thread 0x00000174efb191e0 Implicit null exception at 0x00000174da46d2d5 to 0x00000174da46d9d1
Event: 1.526 Thread 0x00000174efb191e0 Implicit null exception at 0x00000174da47f5e2 to 0x00000174da47fbcc

Events (20 events):
Event: 0.454 loading class java/util/concurrent/locks/AbstractQueuedSynchronizer$ConditionNode done
Event: 0.905 Thread 0x00000174eebf09b0 Thread exited: 0x00000174eebf09b0
Event: 0.955 loading class javax/swing/Timer$1
Event: 0.955 loading class javax/swing/Timer$1 done
Event: 0.977 Loaded shared library C:\Program Files\Java\jdk-15\bin\java.dll
Event: 1.248 loading class java/awt/LightweightDispatcher$2
Event: 1.248 loading class java/awt/LightweightDispatcher$2 done
Event: 1.339 Executing VM operation: HandshakeAllThreads
Event: 1.339 Executing VM operation: HandshakeAllThreads done
Event: 2.340 Executing VM operation: HandshakeAllThreads
Event: 2.340 Executing VM operation: HandshakeAllThreads done
Event: 2.452 loading class java/lang/SecurityException
Event: 2.452 loading class java/lang/SecurityException done
Event: 2.453 loading class java/lang/InterruptedException
Event: 2.453 loading class java/lang/InterruptedException done
Event: 2.454 loading class java/io/Reader
Event: 2.454 loading class java/io/Reader done
Event: 2.454 loading class java/io/InputStreamReader
Event: 2.454 loading class java/io/InputStreamReader done
Event: 2.455 Loaded shared library C:\Users\jorge\.jssc\windows\jSSC-2.8_x86_64.dll


Dynamic libraries:
0x00007ff72e9a0000 - 0x00007ff72e9af000 	C:\Program Files\Java\jdk-15\bin\java.exe
0x00007ffc6e440000 - 0x00007ffc6e630000 	C:\Windows\SYSTEM32\ntdll.dll
0x00007ffc6d950000 - 0x00007ffc6da02000 	C:\Windows\System32\KERNEL32.DLL
0x00007ffc6c1c0000 - 0x00007ffc6c465000 	C:\Windows\System32\KERNELBASE.dll
0x00007ffc6b7c0000 - 0x00007ffc6b8ba000 	C:\Windows\System32\ucrtbase.dll
0x00007ffc678e0000 - 0x00007ffc678f9000 	C:\Program Files\Java\jdk-15\bin\VCRUNTIME140.dll
0x00007ffc67910000 - 0x00007ffc67928000 	C:\Program Files\Java\jdk-15\bin\jli.dll
0x00007ffc6d6a0000 - 0x00007ffc6d743000 	C:\Windows\System32\ADVAPI32.dll
0x00007ffc6d750000 - 0x00007ffc6d7ee000 	C:\Windows\System32\msvcrt.dll
0x00007ffc6e1f0000 - 0x00007ffc6e287000 	C:\Windows\System32\sechost.dll
0x00007ffc6d7f0000 - 0x00007ffc6d910000 	C:\Windows\System32\RPCRT4.dll
0x00007ffc6d3b0000 - 0x00007ffc6d545000 	C:\Windows\System32\USER32.dll
0x00007ffc6b550000 - 0x00007ffc6b571000 	C:\Windows\System32\win32u.dll
0x00007ffc5c8f0000 - 0x00007ffc5cb74000 	C:\Windows\WinSxS\amd64_microsoft.windows.common-controls_6595b64144ccf1df_6.0.18362.1082_none_9e8193e1e45b25c1\COMCTL32.dll
0x00007ffc6e290000 - 0x00007ffc6e2b6000 	C:\Windows\System32\GDI32.dll
0x00007ffc6b620000 - 0x00007ffc6b7b6000 	C:\Windows\System32\gdi32full.dll
0x00007ffc6daf0000 - 0x00007ffc6de25000 	C:\Windows\System32\combase.dll
0x00007ffc6b580000 - 0x00007ffc6b61e000 	C:\Windows\System32\msvcp_win.dll
0x00007ffc6b4d0000 - 0x00007ffc6b550000 	C:\Windows\System32\bcryptPrimitives.dll
0x00007ffc652f0000 - 0x00007ffc652fa000 	C:\Windows\SYSTEM32\VERSION.dll
0x00007ffc6d910000 - 0x00007ffc6d93e000 	C:\Windows\System32\IMM32.DLL
0x00007ffc67a00000 - 0x00007ffc67a0c000 	C:\Program Files\Java\jdk-15\bin\vcruntime140_1.dll
0x00007ffc571b0000 - 0x00007ffc57241000 	C:\Program Files\Java\jdk-15\bin\msvcp140.dll
0x00007ffc10030000 - 0x00007ffc10b8c000 	C:\Program Files\Java\jdk-15\bin\server\jvm.dll
0x00007ffc6d940000 - 0x00007ffc6d948000 	C:\Windows\System32\PSAPI.DLL
0x00007ffc5ab30000 - 0x00007ffc5ab39000 	C:\Windows\SYSTEM32\WSOCK32.dll
0x00007ffc68ea0000 - 0x00007ffc68ec4000 	C:\Windows\SYSTEM32\WINMM.dll
0x00007ffc6e2c0000 - 0x00007ffc6e32f000 	C:\Windows\System32\WS2_32.dll
0x00007ffc68a20000 - 0x00007ffc68a4d000 	C:\Windows\SYSTEM32\winmmbase.dll
0x00007ffc6b480000 - 0x00007ffc6b4ca000 	C:\Windows\System32\cfgmgr32.dll
0x00007ffc6b310000 - 0x00007ffc6b321000 	C:\Windows\System32\kernel.appcore.dll
0x00007ffc679a0000 - 0x00007ffc679aa000 	C:\Program Files\Java\jdk-15\bin\jimage.dll
0x00007ffc69430000 - 0x00007ffc69624000 	C:\Windows\SYSTEM32\DBGHELP.DLL
0x00007ffc59400000 - 0x00007ffc5942a000 	C:\Windows\SYSTEM32\dbgcore.DLL
0x00007ffc670d0000 - 0x00007ffc670f5000 	C:\Program Files\Java\jdk-15\bin\java.dll
0x00007ffc6cb60000 - 0x00007ffc6d247000 	C:\Windows\System32\SHELL32.dll
0x00007ffc6e350000 - 0x00007ffc6e3f9000 	C:\Windows\System32\shcore.dll
0x00007ffc6ba40000 - 0x00007ffc6c1c0000 	C:\Windows\System32\windows.storage.dll
0x00007ffc6b330000 - 0x00007ffc6b353000 	C:\Windows\System32\profapi.dll
0x00007ffc6b360000 - 0x00007ffc6b3aa000 	C:\Windows\System32\powrprof.dll
0x00007ffc6b300000 - 0x00007ffc6b310000 	C:\Windows\System32\UMPDC.dll
0x00007ffc6ca90000 - 0x00007ffc6cae2000 	C:\Windows\System32\shlwapi.dll
0x00007ffc6c470000 - 0x00007ffc6c487000 	C:\Windows\System32\cryptsp.dll
0x00007ffc648b0000 - 0x00007ffc648c9000 	C:\Program Files\Java\jdk-15\bin\net.dll
0x00007ffc606f0000 - 0x00007ffc607e0000 	C:\Windows\SYSTEM32\WINHTTP.dll
0x00007ffc6ab50000 - 0x00007ffc6abb7000 	C:\Windows\system32\mswsock.dll
0x00007ffc5a660000 - 0x00007ffc5a672000 	C:\Program Files\Java\jdk-15\bin\nio.dll
0x00007ffc5a4d0000 - 0x00007ffc5a4e8000 	C:\Program Files\Java\jdk-15\bin\zip.dll
0x00007ffc3c130000 - 0x00007ffc3c2b0000 	C:\Program Files\Java\jdk-15\bin\awt.dll
0x00007ffc6d5c0000 - 0x00007ffc6d685000 	C:\Windows\System32\OLEAUT32.dll
0x00007ffc690d0000 - 0x00007ffc6915f000 	C:\Windows\SYSTEM32\apphelp.dll
0x00007ffc692b0000 - 0x00007ffc69349000 	C:\Windows\system32\uxtheme.dll
0x00007ffc6de30000 - 0x00007ffc6df65000 	C:\Windows\System32\MSCTF.dll
0x00007ffc6d250000 - 0x00007ffc6d3a7000 	C:\Windows\System32\ole32.dll
0x00007ffc69a80000 - 0x00007ffc69aad000 	C:\Windows\system32\DWMAPI.DLL
0x00007ffc4e570000 - 0x00007ffc4e5f5000 	C:\Program Files\Java\jdk-15\bin\freetype.dll
0x00007ffc407f0000 - 0x00007ffc40899000 	C:\Program Files\Java\jdk-15\bin\fontmanager.dll
0x00007ffc427e0000 - 0x00007ffc42936000 	C:\Windows\system32\opengl32.dll
0x00007ffc43120000 - 0x00007ffc4314c000 	C:\Windows\SYSTEM32\GLU32.dll
0x00007ffc69f50000 - 0x00007ffc69f70000 	C:\Windows\SYSTEM32\dxcore.dll
0x00007ffc6c4f0000 - 0x00007ffc6c592000 	C:\Windows\System32\clbcatq.dll
0x00007ffc65a30000 - 0x00007ffc65bdf000 	C:\Windows\SYSTEM32\WindowsCodecs.dll
0x00007ffc43000000 - 0x00007ffc4303a000 	C:\Windows\system32\dataexchange.dll
0x00007ffc685e0000 - 0x00007ffc6883b000 	C:\Windows\system32\d3d11.dll
0x00007ffc68840000 - 0x00007ffc68a1d000 	C:\Windows\system32\dcomp.dll
0x00007ffc69fe0000 - 0x00007ffc6a0cb000 	C:\Windows\system32\dxgi.dll
0x00007ffc69630000 - 0x00007ffc69892000 	C:\Windows\system32\twinapi.appcore.dll
0x00007ffc69ab0000 - 0x00007ffc69ad9000 	C:\Windows\system32\RMCLIENT.dll
0x00007ffc47950000 - 0x00007ffc479ee000 	C:\Windows\System32\TextInputFramework.dll
0x00007ffc669d0000 - 0x00007ffc66cfa000 	C:\Windows\System32\CoreUIComponents.dll
0x00007ffc68a50000 - 0x00007ffc68b24000 	C:\Windows\System32\CoreMessaging.dll
0x00007ffc66700000 - 0x00007ffc66853000 	C:\Windows\SYSTEM32\wintypes.dll
0x00007ffc6a340000 - 0x00007ffc6a371000 	C:\Windows\SYSTEM32\ntmarta.dll
0x00007ffc57d50000 - 0x00007ffc57ff6000 	C:\Windows\System32\iertutil.dll
0x0000000071100000 - 0x0000000071125000 	C:\Users\jorge\.jssc\windows\jSSC-2.8_x86_64.dll

dbghelp: loaded successfully - version: 4.0.5 - missing functions: none
symbol engine: initialized successfully - sym options: 0x614 - pdb path: .;C:\Program Files\Java\jdk-15\bin;C:\Windows\SYSTEM32;C:\Windows\WinSxS\amd64_microsoft.windows.common-controls_6595b64144ccf1df_6.0.18362.1082_none_9e8193e1e45b25c1;C:\Program Files\Java\jdk-15\bin\server;C:\Users\jorge\.jssc\windows

VM Arguments:
jvm_args: -Dfile.encoding=UTF-8 --module-path=D:\INBOX LINUX\Sensores02\build\classes 
java_command: sensores02.UI
java_class_path (initial): C:\Users\jorge\Downloads\PanamaHitek_Arduino-3.1.0.jar;D:\INBOX LINUX\Sensores02\build\classes
Launcher Type: SUN_STANDARD

[Global flags]
     intx CICompilerCount                          = 4                                         {product} {ergonomic}
     uint ConcGCThreads                            = 3                                         {product} {ergonomic}
     uint G1ConcRefinementThreads                  = 10                                        {product} {ergonomic}
   size_t G1HeapRegionSize                         = 2097152                                   {product} {ergonomic}
    uintx GCDrainStackTargetSize                   = 64                                        {product} {ergonomic}
   size_t InitialHeapSize                          = 268435456                                 {product} {ergonomic}
   size_t MarkStackSize                            = 4194304                                   {product} {ergonomic}
   size_t MaxHeapSize                              = 4263510016                                {product} {ergonomic}
   size_t MaxNewSize                               = 2556428288                                {product} {ergonomic}
   size_t MinHeapDeltaBytes                        = 2097152                                   {product} {ergonomic}
   size_t MinHeapSize                              = 8388608                                   {product} {ergonomic}
    uintx NonNMethodCodeHeapSize                   = 5839372                                {pd product} {ergonomic}
    uintx NonProfiledCodeHeapSize                  = 122909434                              {pd product} {ergonomic}
    uintx ProfiledCodeHeapSize                     = 122909434                              {pd product} {ergonomic}
    uintx ReservedCodeCacheSize                    = 251658240                              {pd product} {ergonomic}
     bool SegmentedCodeCache                       = true                                      {product} {ergonomic}
   size_t SoftMaxHeapSize                          = 4263510016                             {manageable} {ergonomic}
     bool UseCompressedClassPointers               = true                                 {lp64_product} {ergonomic}
     bool UseCompressedOops                        = true                                 {lp64_product} {ergonomic}
     bool UseG1GC                                  = true                                      {product} {ergonomic}
     bool UseLargePagesIndividualAllocation        = false                                  {pd product} {ergonomic}

Logging:
Log output configuration:
 #0: stdout all=warning uptime,level,tags
 #1: stderr all=off uptime,level,tags

Environment Variables:
PATH=C:\Program Files\Common Files\Oracle\Java\javapath;C:\Program Files\Common Files\Siemens\Automation\Simatic OAM\bin;C:\Program Files (x86)\Common Files\Oracle\Java\javapath;C:\Windows\system32;C:\Windows;C:\Windows\System32\Wbem;C:\Windows\System32\WindowsPowerShell\v1.0\;C:\Windows\System32\OpenSSH\;C:\Program Files (x86)\NVIDIA Corporation\PhysX\Common;C:\Program Files\dotnet\;C:\ProgramData\chocolatey\bin;C:\Program Files\Git\cmd;C:\Program Files\LLVM\bin;C:\Program Files\Calibre2\;C:\Users\jorge\AppData\Local\Microsoft\WindowsApps;;C:\Users\jorge\AppData\Local\Programs\Microsoft VS Code\bin
USERNAME=jorge
OS=Windows_NT
PROCESSOR_IDENTIFIER=Intel64 Family 6 Model 158 Stepping 10, GenuineIntel



---------------  S Y S T E M  ---------------

OS:
 Windows 10 , 64 bit Build 18362 (10.0.18362.1082)
OS uptime: 0 days 4:00 hours

CPU: total 12 (initial active 12) (6 cores per cpu, 2 threads per core) family 6 model 158 stepping 10, cmov, cx8, fxsr, mmx, sse, sse2, sse3, ssse3, sse4.1, sse4.2, popcnt, vzeroupper, avx, avx2, aes, clmul, erms, 3dnowpref, lzcnt, ht, tsc, tscinvbit, bmi1, bmi2, adx, fma, clflush, clflushopt

Memory: 4k page, system-wide physical 16257M (8062M free)
TotalPageFile size 18689M (AvailPageFile size 5512M)
current process WorkingSet (physical memory assigned to process): 80M, peak: 80M
current process commit charge ("private bytes"): 374M, peak: 374M

vm_info: Java HotSpot(TM) 64-Bit Server VM (15+36-1562) for windows-amd64 JRE (15+36-1562), built on Aug 11 2020 22:38:02 by "mach5one" with unknown MS VC++:1925

END.
