#
# A fatal error has been detected by the Java Runtime Environment:
#
#  EXCEPTION_ACCESS_VIOLATION (0xc0000005) at pc=0x000000007110b5db, pid=10560, tid=9992
#
# JRE version: Java(TM) SE Runtime Environment (15.0+36) (build 15+36-1562)
# Java VM: Java HotSpot(TM) 64-Bit Server VM (15+36-1562, mixed mode, sharing, tiered, compressed oops, g1 gc, windows-amd64)
# Problematic frame:
# C  [jSSC-2.8_x86_64.dll+0xb5db]
#
# No core dump will be written. Minidumps are not enabled by default on client versions of Windows
#
# If you would like to submit a bug report, please visit:
#   https://bugreport.java.com/bugreport/crash.jsp
# The crash happened outside the Java Virtual Machine in native code.
# See problematic frame for where to report the bug.
#

---------------  S U M M A R Y ------------

Command Line: -Dfile.encoding=UTF-8 --module-path=D:\INBOX LINUX\Sensores02\build\classes sensores02.UI

Host: Intel(R) Core(TM) i7-8750H CPU @ 2.20GHz, 12 cores, 15G,  Windows 10 , 64 bit Build 18362 (10.0.18362.1082)
Time: Tue Oct  6 05:11:19 2020 Hora de verano central (México) elapsed time: 4.370253 seconds (0d 0h 0m 4s)

---------------  T H R E A D  ---------------

Current thread (0x00000206b58c6740):  JavaThread "AWT-EventQueue-0" [_thread_in_native, id=9992, stack(0x0000000cf2b00000,0x0000000cf2c00000)]

Stack: [0x0000000cf2b00000,0x0000000cf2c00000],  sp=0x0000000cf2bfe1c0,  free space=1016k
Native frames: (J=compiled Java code, j=interpreted, Vv=VM code, C=native code)
C  [jSSC-2.8_x86_64.dll+0xb5db]

Java frames: (J=compiled Java code, j=interpreted, Vv=VM code)
j  jssc.SerialNativeInterface.openPort(Ljava/lang/String;Z)J+0
j  jssc.SerialPort.openPort()Z+65
j  com.panamahitek.PanamaHitek_Arduino.arduinoRX(Ljava/lang/String;ILjssc/SerialPortEventListener;)V+58
j  sensores02.UI.Btn_ConectarActionPerformed(Ljava/awt/event/ActionEvent;)V+14
j  sensores02.UI$3.actionPerformed(Ljava/awt/event/ActionEvent;)V+5
j  javax.swing.AbstractButton.fireActionPerformed(Ljava/awt/event/ActionEvent;)V+84 java.desktop@15
j  javax.swing.AbstractButton$Handler.actionPerformed(Ljava/awt/event/ActionEvent;)V+5 java.desktop@15
j  javax.swing.DefaultButtonModel.fireActionPerformed(Ljava/awt/event/ActionEvent;)V+34 java.desktop@15
j  javax.swing.DefaultButtonModel.setPressed(Z)V+117 java.desktop@15
j  javax.swing.plaf.basic.BasicButtonListener.mouseReleased(Ljava/awt/event/MouseEvent;)V+35 java.desktop@15
j  java.awt.Component.processMouseEvent(Ljava/awt/event/MouseEvent;)V+64 java.desktop@15
j  javax.swing.JComponent.processMouseEvent(Ljava/awt/event/MouseEvent;)V+23 java.desktop@15
j  java.awt.Component.processEvent(Ljava/awt/AWTEvent;)V+81 java.desktop@15
j  java.awt.Container.processEvent(Ljava/awt/AWTEvent;)V+18 java.desktop@15
j  java.awt.Component.dispatchEventImpl(Ljava/awt/AWTEvent;)V+496 java.desktop@15
j  java.awt.Container.dispatchEventImpl(Ljava/awt/AWTEvent;)V+42 java.desktop@15
J 1385 c1 java.awt.Component.dispatchEvent(Ljava/awt/AWTEvent;)V java.desktop@15 (6 bytes) @ 0x000002069870e8c4 [0x000002069870e7c0+0x0000000000000104]
j  java.awt.LightweightDispatcher.retargetMouseEvent(Ljava/awt/Component;ILjava/awt/event/MouseEvent;)V+349 java.desktop@15
j  java.awt.LightweightDispatcher.processMouseEvent(Ljava/awt/event/MouseEvent;)Z+155 java.desktop@15
j  java.awt.LightweightDispatcher.dispatchEvent(Ljava/awt/AWTEvent;)Z+50 java.desktop@15
j  java.awt.Container.dispatchEventImpl(Ljava/awt/AWTEvent;)V+12 java.desktop@15
j  java.awt.Window.dispatchEventImpl(Ljava/awt/AWTEvent;)V+19 java.desktop@15
J 1385 c1 java.awt.Component.dispatchEvent(Ljava/awt/AWTEvent;)V java.desktop@15 (6 bytes) @ 0x000002069870e8c4 [0x000002069870e7c0+0x0000000000000104]
j  java.awt.EventQueue.dispatchEventImpl(Ljava/awt/AWTEvent;Ljava/lang/Object;)V+41 java.desktop@15
j  java.awt.EventQueue$4.run()Ljava/lang/Void;+32 java.desktop@15
j  java.awt.EventQueue$4.run()Ljava/lang/Object;+1 java.desktop@15
J 1343 c1 java.security.ProtectionDomain$JavaSecurityAccessImpl.doIntersectionPrivilege(Ljava/security/PrivilegedAction;Ljava/security/AccessControlContext;Ljava/security/AccessControlContext;)Ljava/lang/Object; java.base@15 (22 bytes) @ 0x00000206986f7234 [0x00000206986f6fa0+0x0000000000000294]
J 1374 c1 java.awt.EventQueue.dispatchEvent(Ljava/awt/AWTEvent;)V java.desktop@15 (80 bytes) @ 0x0000020698706e74 [0x0000020698706360+0x0000000000000b14]
J 1376 c1 java.awt.EventDispatchThread.pumpOneEventForFilters(I)V java.desktop@15 (113 bytes) @ 0x0000020698708a24 [0x0000020698708380+0x00000000000006a4]
j  java.awt.EventDispatchThread.pumpEventsForFilter(ILjava/awt/Conditional;Ljava/awt/EventFilter;)V+35 java.desktop@15
j  java.awt.EventDispatchThread.pumpEventsForHierarchy(ILjava/awt/Conditional;Ljava/awt/Component;)V+11 java.desktop@15
j  java.awt.EventDispatchThread.pumpEvents(ILjava/awt/Conditional;)V+4 java.desktop@15
j  java.awt.EventDispatchThread.pumpEvents(Ljava/awt/Conditional;)V+3 java.desktop@15
j  java.awt.EventDispatchThread.run()V+9 java.desktop@15
v  ~StubRoutines::call_stub

siginfo: EXCEPTION_ACCESS_VIOLATION (0xc0000005), reading address 0xffffffffb8035b56


Register to memory mapping:

RIP=0x000000007110b5db jSSC-2.8_x86_64.dll
RAX=0xffffffffb8035b56 is an unknown value
RBX=0x0000000cf2bfe230 is pointing into the stack for thread: 0x00000206b58c6740
RCX=0x00007ffcd743c254 ntdll.dll
RDX=0x0 is NULL
RSP=0x0000000cf2bfe1c0 is pointing into the stack for thread: 0x00000206b58c6740
RBP=0x0000000cf2bfe340 is pointing into the stack for thread: 0x00000206b58c6740
RSI=0x00000206b58c6a68 points into unknown readable memory: 0x00007ffc7d2fbe40 | 40 be 2f 7d fc 7f 00 00
RDI=0x0000000000000724 is an unknown value
R8 =0x0000000cf2bfe0b8 is pointing into the stack for thread: 0x00000206b58c6740
R9 =0x0000000cf2bfe1b0 is pointing into the stack for thread: 0x00000206b58c6740
R10=0x0 is NULL
R11=0x0000000000000246 is an unknown value
R12=0x0000000cf2bfe3f8 is pointing into the stack for thread: 0x00000206b58c6740
R13=0x00000206b5d79300 points into unknown readable memory: 0x00000000334d4f43 | 43 4f 4d 33 00 00 00 00
R14=0x0000000cf2bfe2f0 is pointing into the stack for thread: 0x00000206b58c6740
R15=0x00000206b58c6740 is a thread


Registers:
RAX=0xffffffffb8035b56, RBX=0x0000000cf2bfe230, RCX=0x00007ffcd743c254, RDX=0x0000000000000000
RSP=0x0000000cf2bfe1c0, RBP=0x0000000cf2bfe340, RSI=0x00000206b58c6a68, RDI=0x0000000000000724
R8 =0x0000000cf2bfe0b8, R9 =0x0000000cf2bfe1b0, R10=0x0000000000000000, R11=0x0000000000000246
R12=0x0000000cf2bfe3f8, R13=0x00000206b5d79300, R14=0x0000000cf2bfe2f0, R15=0x00000206b58c6740
RIP=0x000000007110b5db, EFLAGS=0x0000000000010202

Top of Stack: (sp=0x0000000cf2bfe1c0)
0x0000000cf2bfe1c0:   00000206b5d29e00 00000025d73dfb91
0x0000000cf2bfe1d0:   000000007110b230 00000206b5d79060
0x0000000cf2bfe1e0:   0000000cf2bfe340 0000000000000004
0x0000000cf2bfe1f0:   00000206b58c6a68 0000000000000724
0x0000000cf2bfe200:   0000000cf2bfe340 0000000071112590
0x0000000cf2bfe210:   00000206b58c6740 0000000cf2bfe2f0
0x0000000cf2bfe220:   00000206b5d79300 0000000cf2bfe3f8
0x0000000cf2bfe230:   00000206b5d79300 00007ffcd73dfb91
0x0000000cf2bfe240:   0000000cf2bfe270 000002068e310000
0x0000000cf2bfe250:   0000000cf2bfe340 0000000000000000
0x0000000cf2bfe260:   0000000071113500 0000000071113be8
0x0000000cf2bfe270:   0000000cf2bfe2a0 0000000071112641
0x0000000cf2bfe280:   0000000cf2bfe210 00000206b58c6a68
0x0000000cf2bfe290:   0000000000000000 0000000000000000
0x0000000cf2bfe2a0:   0000000cf2bfe340 0000000071101595
0x0000000cf2bfe2b0:   000000000000001c 0000020600000000 

Instructions: (pc=0x000000007110b5db)
0x000000007110b4db:   48 85 c0 74 bf 44 8b 03 45 85 c0 0f 84 77 ff ff
0x000000007110b4eb:   ff eb 9f 66 90 e8 8b fe ff ff 48 89 05 0c 34 01
0x000000007110b4fb:   00 eb ad 66 90 e8 7b fe ff ff 48 89 05 fc 33 01
0x000000007110b50b:   00 eb 8b e8 8d fe ff ff c7 03 01 00 00 00 e9 6f
0x000000007110b51b:   ff ff ff 66 90 55 48 89 e5 56 53 48 83 ec 20 48
0x000000007110b52b:   8b 05 d7 33 01 00 48 8b 31 48 89 cb 48 85 c0 74
0x000000007110b53b:   56 44 8b 18 45 85 db 78 42 48 8b 05 bd 33 01 00
0x000000007110b54b:   48 85 c0 74 50 44 8b 10 45 85 d2 74 1d 48 89 f1
0x000000007110b55b:   e8 d0 fd ff ff 48 8b 13 48 8d 42 40 48 8b 48 08
0x000000007110b56b:   48 8b 6a 40 48 8b 60 10 ff e1 48 8b 05 9c 33 01
0x000000007110b57b:   00 48 85 c0 74 2d 48 89 30 eb da e8 b5 fe ff ff
0x000000007110b58b:   0f 1f 44 00 00 eb b2 e8 e9 fd ff ff 48 89 05 6a
0x000000007110b59b:   33 01 00 eb 9c e8 db fd ff ff 48 89 05 5c 33 01
0x000000007110b5ab:   00 eb a2 e8 3d fd ff ff 48 89 05 5e 33 01 00 eb
0x000000007110b5bb:   c5 0f 1f 40 00 55 57 56 53 48 83 ec 28 48 8b 05
0x000000007110b5cb:   39 33 01 00 48 89 cb 48 85 c0 0f 84 c5 00 00 00
0x000000007110b5db:   8b 38 85 ff 0f 88 ab 00 00 00 48 8b 05 1c 33 01
0x000000007110b5eb:   00 48 85 c0 0f 84 bc 00 00 00 8b 30 85 f6 74 57
0x000000007110b5fb:   48 8b 05 0e 33 01 00 48 85 c0 0f 84 e5 00 00 00
0x000000007110b60b:   8b 28 48 8b 35 10 5e 01 00 ff d6 89 c7 89 e9 ff
0x000000007110b61b:   15 f4 5e 01 00 89 f9 48 89 c5 ff 15 b9 5e 01 00
0x000000007110b62b:   48 8b 05 de 32 01 00 48 89 2b 48 85 c0 74 46 48
0x000000007110b63b:   89 da 8b 08 ff 15 d7 5e 01 00 85 c0 74 27 48 83
0x000000007110b64b:   c4 28 5b 5e 5f 5d c3 48 8b 05 bf 32 01 00 48 85
0x000000007110b65b:   c0 74 64 48 8b 10 48 89 13 48 89 18 48 83 c4 28
0x000000007110b66b:   5b 5e 5f 5d c3 48 89 f2 48 83 c4 28 5b 5e 5f 5d
0x000000007110b67b:   48 ff e2 66 90 e8 8b fc ff ff 48 89 05 84 32 01
0x000000007110b68b:   00 eb ac 66 90 e8 ab fd ff ff e9 4b ff ff ff 66
0x000000007110b69b:   0f 1f 44 00 00 e8 db fc ff ff 48 89 05 5c 32 01
0x000000007110b6ab:   00 e9 2a ff ff ff e8 ca fc ff ff 48 89 05 4b 32
0x000000007110b6bb:   01 00 e9 33 ff ff ff e8 29 fc ff ff 48 89 05 4a
0x000000007110b6cb:   32 01 00 48 8b 10 48 85 c0 48 89 13 75 8b e8 12 


Stack slot to memory mapping:
stack at sp + 0 slots: 0x00000206b5d29e00 points into unknown readable memory: 0x000002068e4115c0 | c0 15 41 8e 06 02 00 00
stack at sp + 1 slots: 0x00000025d73dfb91 is an unknown value
stack at sp + 2 slots: 0x000000007110b230 jSSC-2.8_x86_64.dll
stack at sp + 3 slots: 0x00000206b5d79060 points into unknown readable memory: 0x00000206b5d29e00 | 00 9e d2 b5 06 02 00 00
stack at sp + 4 slots: 0x0000000cf2bfe340 is pointing into the stack for thread: 0x00000206b58c6740
stack at sp + 5 slots: 0x0000000000000004 is an unknown value
stack at sp + 6 slots: 0x00000206b58c6a68 points into unknown readable memory: 0x00007ffc7d2fbe40 | 40 be 2f 7d fc 7f 00 00
stack at sp + 7 slots: 0x0000000000000724 is an unknown value


---------------  P R O C E S S  ---------------

Threads class SMR info:
_java_thread_list=0x00000206b5d61030, length=16, elements={
0x00000206b4831810, 0x00000206b4832800, 0x00000206b4845760, 0x00000206b4848030,
0x00000206b4848b00, 0x00000206b484b5f0, 0x00000206b484fac0, 0x00000206b486f800,
0x00000206b496b580, 0x00000206b49f01f0, 0x00000206b4be23d0, 0x00000206b4be2a60,
0x00000206b4c0a060, 0x00000206b58c6740, 0x000002068e52b6c0, 0x00000206b5dcf720
}

Java Threads: ( => current thread )
  0x00000206b4831810 JavaThread "Reference Handler" daemon [_thread_blocked, id=14188, stack(0x0000000cf1c00000,0x0000000cf1d00000)]
  0x00000206b4832800 JavaThread "Finalizer" daemon [_thread_blocked, id=12460, stack(0x0000000cf1d00000,0x0000000cf1e00000)]
  0x00000206b4845760 JavaThread "Signal Dispatcher" daemon [_thread_blocked, id=8736, stack(0x0000000cf1e00000,0x0000000cf1f00000)]
  0x00000206b4848030 JavaThread "Attach Listener" daemon [_thread_blocked, id=2044, stack(0x0000000cf1f00000,0x0000000cf2000000)]
  0x00000206b4848b00 JavaThread "Service Thread" daemon [_thread_blocked, id=11916, stack(0x0000000cf2000000,0x0000000cf2100000)]
  0x00000206b484b5f0 JavaThread "C2 CompilerThread0" daemon [_thread_blocked, id=9976, stack(0x0000000cf2100000,0x0000000cf2200000)]
  0x00000206b484fac0 JavaThread "C1 CompilerThread0" daemon [_thread_blocked, id=2348, stack(0x0000000cf2200000,0x0000000cf2300000)]
  0x00000206b486f800 JavaThread "Sweeper thread" daemon [_thread_blocked, id=1152, stack(0x0000000cf2300000,0x0000000cf2400000)]
  0x00000206b496b580 JavaThread "Common-Cleaner" daemon [_thread_blocked, id=3184, stack(0x0000000cf2400000,0x0000000cf2500000)]
  0x00000206b49f01f0 JavaThread "Notification Thread" daemon [_thread_blocked, id=1580, stack(0x0000000cf2600000,0x0000000cf2700000)]
  0x00000206b4be23d0 JavaThread "Java2D Disposer" daemon [_thread_blocked, id=4304, stack(0x0000000cf2800000,0x0000000cf2900000)]
  0x00000206b4be2a60 JavaThread "AWT-Shutdown" [_thread_blocked, id=2336, stack(0x0000000cf2900000,0x0000000cf2a00000)]
  0x00000206b4c0a060 JavaThread "AWT-Windows" daemon [_thread_in_native, id=2248, stack(0x0000000cf2a00000,0x0000000cf2b00000)]
=>0x00000206b58c6740 JavaThread "AWT-EventQueue-0" [_thread_in_native, id=9992, stack(0x0000000cf2b00000,0x0000000cf2c00000)]
  0x000002068e52b6c0 JavaThread "DestroyJavaVM" [_thread_blocked, id=10020, stack(0x0000000cf1500000,0x0000000cf1600000)]
  0x00000206b5dcf720 JavaThread "TimerQueue" daemon [_thread_blocked, id=7024, stack(0x0000000cf2f00000,0x0000000cf3000000)]

Other Threads:
  0x00000206b482da80 VMThread "VM Thread" [stack: 0x0000000cf1b00000,0x0000000cf1c00000] [id=10056]
  0x000002068e52c870 WatcherThread [stack: 0x0000000cf2700000,0x0000000cf2800000] [id=10192]
  0x000002068e5777c0 GCTaskThread "GC Thread#0" [stack: 0x0000000cf1600000,0x0000000cf1700000] [id=9956]
  0x000002068e5897c0 ConcurrentGCThread "G1 Main Marker" [stack: 0x0000000cf1700000,0x0000000cf1800000] [id=9952]
  0x000002068e58aae0 ConcurrentGCThread "G1 Conc#0" [stack: 0x0000000cf1800000,0x0000000cf1900000] [id=5452]
  0x00000206b3ea20d0 ConcurrentGCThread "G1 Refine#0" [stack: 0x0000000cf1900000,0x0000000cf1a00000] [id=12884]
  0x000002068e5ec950 ConcurrentGCThread "G1 Young RemSet Sampling" [stack: 0x0000000cf1a00000,0x0000000cf1b00000] [id=7608]

Threads with active compile tasks:

VM state: not at safepoint (normal execution)

VM Mutex/Monitor currently owned by a thread: None

Heap address: 0x0000000701e00000, size: 4066 MB, Compressed Oops mode: Zero based, Oop shift amount: 3
CDS archive(s) mapped at: [0x0000000800000000-0x0000000800b50000-0x0000000800b50000), size 11862016, SharedBaseAddress: 0x0000000800000000, ArchiveRelocationMode: 0.
Compressed class space mapped at: 0x0000000800b50000-0x0000000840b50000, size: 1073741824
Narrow klass base: 0x0000000800000000, Narrow klass shift: 3, Narrow klass range: 0x100000000

GC Precious Log:
 CPUs: 12 total, 12 available
 Memory: 16257M
 Large Page Support: Disabled
 NUMA Support: Disabled
 Compressed Oops: Enabled (Zero based)
 Heap Region Size: 2M
 Heap Min Capacity: 8M
 Heap Initial Capacity: 256M
 Heap Max Capacity: 4066M
 Pre-touch: Disabled
 Parallel Workers: 10
 Concurrent Workers: 3
 Concurrent Refinement Workers: 10
 Periodic GC: Disabled

Heap:
 garbage-first heap   total 262144K, used 14336K [0x0000000701e00000, 0x0000000800000000)
  region size 2048K, 6 young (12288K), 0 survivors (0K)
 Metaspace       used 11590K, capacity 11691K, committed 11904K, reserved 1060864K
  class space    used 1326K, capacity 1374K, committed 1408K, reserved 1048576K

Heap Regions: E=young(eden), S=young(survivor), O=old, HS=humongous(starts), HC=humongous(continues), CS=collection set, F=free, OA=open archive, CA=closed archive, TAMS=top-at-mark-start (previous, next)
|   0|0x0000000701e00000, 0x0000000702000000, 0x0000000702000000|100%|HS|  |TAMS 0x0000000701e00000, 0x0000000701e00000| Complete 
|   1|0x0000000702000000, 0x0000000702200000, 0x0000000702200000|100%|HC|  |TAMS 0x0000000702000000, 0x0000000702000000| Complete 
|   2|0x0000000702200000, 0x0000000702200000, 0x0000000702400000|  0%| F|  |TAMS 0x0000000702200000, 0x0000000702200000| Untracked 
|   3|0x0000000702400000, 0x0000000702400000, 0x0000000702600000|  0%| F|  |TAMS 0x0000000702400000, 0x0000000702400000| Untracked 
|   4|0x0000000702600000, 0x0000000702600000, 0x0000000702800000|  0%| F|  |TAMS 0x0000000702600000, 0x0000000702600000| Untracked 
|   5|0x0000000702800000, 0x0000000702800000, 0x0000000702a00000|  0%| F|  |TAMS 0x0000000702800000, 0x0000000702800000| Untracked 
|   6|0x0000000702a00000, 0x0000000702a00000, 0x0000000702c00000|  0%| F|  |TAMS 0x0000000702a00000, 0x0000000702a00000| Untracked 
|   7|0x0000000702c00000, 0x0000000702c00000, 0x0000000702e00000|  0%| F|  |TAMS 0x0000000702c00000, 0x0000000702c00000| Untracked 
|   8|0x0000000702e00000, 0x0000000702e00000, 0x0000000703000000|  0%| F|  |TAMS 0x0000000702e00000, 0x0000000702e00000| Untracked 
|   9|0x0000000703000000, 0x0000000703000000, 0x0000000703200000|  0%| F|  |TAMS 0x0000000703000000, 0x0000000703000000| Untracked 
|  10|0x0000000703200000, 0x0000000703200000, 0x0000000703400000|  0%| F|  |TAMS 0x0000000703200000, 0x0000000703200000| Untracked 
|  11|0x0000000703400000, 0x0000000703400000, 0x0000000703600000|  0%| F|  |TAMS 0x0000000703400000, 0x0000000703400000| Untracked 
|  12|0x0000000703600000, 0x0000000703600000, 0x0000000703800000|  0%| F|  |TAMS 0x0000000703600000, 0x0000000703600000| Untracked 
|  13|0x0000000703800000, 0x0000000703800000, 0x0000000703a00000|  0%| F|  |TAMS 0x0000000703800000, 0x0000000703800000| Untracked 
|  14|0x0000000703a00000, 0x0000000703a00000, 0x0000000703c00000|  0%| F|  |TAMS 0x0000000703a00000, 0x0000000703a00000| Untracked 
|  15|0x0000000703c00000, 0x0000000703c00000, 0x0000000703e00000|  0%| F|  |TAMS 0x0000000703c00000, 0x0000000703c00000| Untracked 
|  16|0x0000000703e00000, 0x0000000703e00000, 0x0000000704000000|  0%| F|  |TAMS 0x0000000703e00000, 0x0000000703e00000| Untracked 
|  17|0x0000000704000000, 0x0000000704000000, 0x0000000704200000|  0%| F|  |TAMS 0x0000000704000000, 0x0000000704000000| Untracked 
|  18|0x0000000704200000, 0x0000000704200000, 0x0000000704400000|  0%| F|  |TAMS 0x0000000704200000, 0x0000000704200000| Untracked 
|  19|0x0000000704400000, 0x0000000704400000, 0x0000000704600000|  0%| F|  |TAMS 0x0000000704400000, 0x0000000704400000| Untracked 
|  20|0x0000000704600000, 0x0000000704600000, 0x0000000704800000|  0%| F|  |TAMS 0x0000000704600000, 0x0000000704600000| Untracked 
|  21|0x0000000704800000, 0x0000000704800000, 0x0000000704a00000|  0%| F|  |TAMS 0x0000000704800000, 0x0000000704800000| Untracked 
|  22|0x0000000704a00000, 0x0000000704a00000, 0x0000000704c00000|  0%| F|  |TAMS 0x0000000704a00000, 0x0000000704a00000| Untracked 
|  23|0x0000000704c00000, 0x0000000704c00000, 0x0000000704e00000|  0%| F|  |TAMS 0x0000000704c00000, 0x0000000704c00000| Untracked 
|  24|0x0000000704e00000, 0x0000000704e00000, 0x0000000705000000|  0%| F|  |TAMS 0x0000000704e00000, 0x0000000704e00000| Untracked 
|  25|0x0000000705000000, 0x0000000705000000, 0x0000000705200000|  0%| F|  |TAMS 0x0000000705000000, 0x0000000705000000| Untracked 
|  26|0x0000000705200000, 0x0000000705200000, 0x0000000705400000|  0%| F|  |TAMS 0x0000000705200000, 0x0000000705200000| Untracked 
|  27|0x0000000705400000, 0x0000000705400000, 0x0000000705600000|  0%| F|  |TAMS 0x0000000705400000, 0x0000000705400000| Untracked 
|  28|0x0000000705600000, 0x0000000705600000, 0x0000000705800000|  0%| F|  |TAMS 0x0000000705600000, 0x0000000705600000| Untracked 
|  29|0x0000000705800000, 0x0000000705800000, 0x0000000705a00000|  0%| F|  |TAMS 0x0000000705800000, 0x0000000705800000| Untracked 
|  30|0x0000000705a00000, 0x0000000705a00000, 0x0000000705c00000|  0%| F|  |TAMS 0x0000000705a00000, 0x0000000705a00000| Untracked 
|  31|0x0000000705c00000, 0x0000000705c00000, 0x0000000705e00000|  0%| F|  |TAMS 0x0000000705c00000, 0x0000000705c00000| Untracked 
|  32|0x0000000705e00000, 0x0000000705e00000, 0x0000000706000000|  0%| F|  |TAMS 0x0000000705e00000, 0x0000000705e00000| Untracked 
|  33|0x0000000706000000, 0x0000000706000000, 0x0000000706200000|  0%| F|  |TAMS 0x0000000706000000, 0x0000000706000000| Untracked 
|  34|0x0000000706200000, 0x0000000706200000, 0x0000000706400000|  0%| F|  |TAMS 0x0000000706200000, 0x0000000706200000| Untracked 
|  35|0x0000000706400000, 0x0000000706400000, 0x0000000706600000|  0%| F|  |TAMS 0x0000000706400000, 0x0000000706400000| Untracked 
|  36|0x0000000706600000, 0x0000000706600000, 0x0000000706800000|  0%| F|  |TAMS 0x0000000706600000, 0x0000000706600000| Untracked 
|  37|0x0000000706800000, 0x0000000706800000, 0x0000000706a00000|  0%| F|  |TAMS 0x0000000706800000, 0x0000000706800000| Untracked 
|  38|0x0000000706a00000, 0x0000000706a00000, 0x0000000706c00000|  0%| F|  |TAMS 0x0000000706a00000, 0x0000000706a00000| Untracked 
|  39|0x0000000706c00000, 0x0000000706c00000, 0x0000000706e00000|  0%| F|  |TAMS 0x0000000706c00000, 0x0000000706c00000| Untracked 
|  40|0x0000000706e00000, 0x0000000706e00000, 0x0000000707000000|  0%| F|  |TAMS 0x0000000706e00000, 0x0000000706e00000| Untracked 
|  41|0x0000000707000000, 0x0000000707000000, 0x0000000707200000|  0%| F|  |TAMS 0x0000000707000000, 0x0000000707000000| Untracked 
|  42|0x0000000707200000, 0x0000000707200000, 0x0000000707400000|  0%| F|  |TAMS 0x0000000707200000, 0x0000000707200000| Untracked 
|  43|0x0000000707400000, 0x0000000707400000, 0x0000000707600000|  0%| F|  |TAMS 0x0000000707400000, 0x0000000707400000| Untracked 
|  44|0x0000000707600000, 0x0000000707600000, 0x0000000707800000|  0%| F|  |TAMS 0x0000000707600000, 0x0000000707600000| Untracked 
|  45|0x0000000707800000, 0x0000000707800000, 0x0000000707a00000|  0%| F|  |TAMS 0x0000000707800000, 0x0000000707800000| Untracked 
|  46|0x0000000707a00000, 0x0000000707a00000, 0x0000000707c00000|  0%| F|  |TAMS 0x0000000707a00000, 0x0000000707a00000| Untracked 
|  47|0x0000000707c00000, 0x0000000707c00000, 0x0000000707e00000|  0%| F|  |TAMS 0x0000000707c00000, 0x0000000707c00000| Untracked 
|  48|0x0000000707e00000, 0x0000000707e00000, 0x0000000708000000|  0%| F|  |TAMS 0x0000000707e00000, 0x0000000707e00000| Untracked 
|  49|0x0000000708000000, 0x0000000708000000, 0x0000000708200000|  0%| F|  |TAMS 0x0000000708000000, 0x0000000708000000| Untracked 
|  50|0x0000000708200000, 0x0000000708200000, 0x0000000708400000|  0%| F|  |TAMS 0x0000000708200000, 0x0000000708200000| Untracked 
|  51|0x0000000708400000, 0x0000000708400000, 0x0000000708600000|  0%| F|  |TAMS 0x0000000708400000, 0x0000000708400000| Untracked 
|  52|0x0000000708600000, 0x0000000708600000, 0x0000000708800000|  0%| F|  |TAMS 0x0000000708600000, 0x0000000708600000| Untracked 
|  53|0x0000000708800000, 0x0000000708800000, 0x0000000708a00000|  0%| F|  |TAMS 0x0000000708800000, 0x0000000708800000| Untracked 
|  54|0x0000000708a00000, 0x0000000708a00000, 0x0000000708c00000|  0%| F|  |TAMS 0x0000000708a00000, 0x0000000708a00000| Untracked 
|  55|0x0000000708c00000, 0x0000000708c00000, 0x0000000708e00000|  0%| F|  |TAMS 0x0000000708c00000, 0x0000000708c00000| Untracked 
|  56|0x0000000708e00000, 0x0000000708e00000, 0x0000000709000000|  0%| F|  |TAMS 0x0000000708e00000, 0x0000000708e00000| Untracked 
|  57|0x0000000709000000, 0x0000000709000000, 0x0000000709200000|  0%| F|  |TAMS 0x0000000709000000, 0x0000000709000000| Untracked 
|  58|0x0000000709200000, 0x0000000709200000, 0x0000000709400000|  0%| F|  |TAMS 0x0000000709200000, 0x0000000709200000| Untracked 
|  59|0x0000000709400000, 0x0000000709400000, 0x0000000709600000|  0%| F|  |TAMS 0x0000000709400000, 0x0000000709400000| Untracked 
|  60|0x0000000709600000, 0x0000000709600000, 0x0000000709800000|  0%| F|  |TAMS 0x0000000709600000, 0x0000000709600000| Untracked 
|  61|0x0000000709800000, 0x0000000709800000, 0x0000000709a00000|  0%| F|  |TAMS 0x0000000709800000, 0x0000000709800000| Untracked 
|  62|0x0000000709a00000, 0x0000000709a00000, 0x0000000709c00000|  0%| F|  |TAMS 0x0000000709a00000, 0x0000000709a00000| Untracked 
|  63|0x0000000709c00000, 0x0000000709c00000, 0x0000000709e00000|  0%| F|  |TAMS 0x0000000709c00000, 0x0000000709c00000| Untracked 
|  64|0x0000000709e00000, 0x0000000709e00000, 0x000000070a000000|  0%| F|  |TAMS 0x0000000709e00000, 0x0000000709e00000| Untracked 
|  65|0x000000070a000000, 0x000000070a000000, 0x000000070a200000|  0%| F|  |TAMS 0x000000070a000000, 0x000000070a000000| Untracked 
|  66|0x000000070a200000, 0x000000070a200000, 0x000000070a400000|  0%| F|  |TAMS 0x000000070a200000, 0x000000070a200000| Untracked 
|  67|0x000000070a400000, 0x000000070a400000, 0x000000070a600000|  0%| F|  |TAMS 0x000000070a400000, 0x000000070a400000| Untracked 
|  68|0x000000070a600000, 0x000000070a600000, 0x000000070a800000|  0%| F|  |TAMS 0x000000070a600000, 0x000000070a600000| Untracked 
|  69|0x000000070a800000, 0x000000070a800000, 0x000000070aa00000|  0%| F|  |TAMS 0x000000070a800000, 0x000000070a800000| Untracked 
|  70|0x000000070aa00000, 0x000000070aa00000, 0x000000070ac00000|  0%| F|  |TAMS 0x000000070aa00000, 0x000000070aa00000| Untracked 
|  71|0x000000070ac00000, 0x000000070ac00000, 0x000000070ae00000|  0%| F|  |TAMS 0x000000070ac00000, 0x000000070ac00000| Untracked 
|  72|0x000000070ae00000, 0x000000070ae00000, 0x000000070b000000|  0%| F|  |TAMS 0x000000070ae00000, 0x000000070ae00000| Untracked 
|  73|0x000000070b000000, 0x000000070b000000, 0x000000070b200000|  0%| F|  |TAMS 0x000000070b000000, 0x000000070b000000| Untracked 
|  74|0x000000070b200000, 0x000000070b200000, 0x000000070b400000|  0%| F|  |TAMS 0x000000070b200000, 0x000000070b200000| Untracked 
|  75|0x000000070b400000, 0x000000070b400000, 0x000000070b600000|  0%| F|  |TAMS 0x000000070b400000, 0x000000070b400000| Untracked 
|  76|0x000000070b600000, 0x000000070b600000, 0x000000070b800000|  0%| F|  |TAMS 0x000000070b600000, 0x000000070b600000| Untracked 
|  77|0x000000070b800000, 0x000000070b800000, 0x000000070ba00000|  0%| F|  |TAMS 0x000000070b800000, 0x000000070b800000| Untracked 
|  78|0x000000070ba00000, 0x000000070ba00000, 0x000000070bc00000|  0%| F|  |TAMS 0x000000070ba00000, 0x000000070ba00000| Untracked 
|  79|0x000000070bc00000, 0x000000070bc00000, 0x000000070be00000|  0%| F|  |TAMS 0x000000070bc00000, 0x000000070bc00000| Untracked 
|  80|0x000000070be00000, 0x000000070be00000, 0x000000070c000000|  0%| F|  |TAMS 0x000000070be00000, 0x000000070be00000| Untracked 
|  81|0x000000070c000000, 0x000000070c000000, 0x000000070c200000|  0%| F|  |TAMS 0x000000070c000000, 0x000000070c000000| Untracked 
|  82|0x000000070c200000, 0x000000070c200000, 0x000000070c400000|  0%| F|  |TAMS 0x000000070c200000, 0x000000070c200000| Untracked 
|  83|0x000000070c400000, 0x000000070c400000, 0x000000070c600000|  0%| F|  |TAMS 0x000000070c400000, 0x000000070c400000| Untracked 
|  84|0x000000070c600000, 0x000000070c600000, 0x000000070c800000|  0%| F|  |TAMS 0x000000070c600000, 0x000000070c600000| Untracked 
|  85|0x000000070c800000, 0x000000070c800000, 0x000000070ca00000|  0%| F|  |TAMS 0x000000070c800000, 0x000000070c800000| Untracked 
|  86|0x000000070ca00000, 0x000000070ca00000, 0x000000070cc00000|  0%| F|  |TAMS 0x000000070ca00000, 0x000000070ca00000| Untracked 
|  87|0x000000070cc00000, 0x000000070cc00000, 0x000000070ce00000|  0%| F|  |TAMS 0x000000070cc00000, 0x000000070cc00000| Untracked 
|  88|0x000000070ce00000, 0x000000070ce00000, 0x000000070d000000|  0%| F|  |TAMS 0x000000070ce00000, 0x000000070ce00000| Untracked 
|  89|0x000000070d000000, 0x000000070d000000, 0x000000070d200000|  0%| F|  |TAMS 0x000000070d000000, 0x000000070d000000| Untracked 
|  90|0x000000070d200000, 0x000000070d200000, 0x000000070d400000|  0%| F|  |TAMS 0x000000070d200000, 0x000000070d200000| Untracked 
|  91|0x000000070d400000, 0x000000070d400000, 0x000000070d600000|  0%| F|  |TAMS 0x000000070d400000, 0x000000070d400000| Untracked 
|  92|0x000000070d600000, 0x000000070d600000, 0x000000070d800000|  0%| F|  |TAMS 0x000000070d600000, 0x000000070d600000| Untracked 
|  93|0x000000070d800000, 0x000000070d800000, 0x000000070da00000|  0%| F|  |TAMS 0x000000070d800000, 0x000000070d800000| Untracked 
|  94|0x000000070da00000, 0x000000070da00000, 0x000000070dc00000|  0%| F|  |TAMS 0x000000070da00000, 0x000000070da00000| Untracked 
|  95|0x000000070dc00000, 0x000000070dc00000, 0x000000070de00000|  0%| F|  |TAMS 0x000000070dc00000, 0x000000070dc00000| Untracked 
|  96|0x000000070de00000, 0x000000070de00000, 0x000000070e000000|  0%| F|  |TAMS 0x000000070de00000, 0x000000070de00000| Untracked 
|  97|0x000000070e000000, 0x000000070e000000, 0x000000070e200000|  0%| F|  |TAMS 0x000000070e000000, 0x000000070e000000| Untracked 
|  98|0x000000070e200000, 0x000000070e200000, 0x000000070e400000|  0%| F|  |TAMS 0x000000070e200000, 0x000000070e200000| Untracked 
|  99|0x000000070e400000, 0x000000070e400000, 0x000000070e600000|  0%| F|  |TAMS 0x000000070e400000, 0x000000070e400000| Untracked 
| 100|0x000000070e600000, 0x000000070e600000, 0x000000070e800000|  0%| F|  |TAMS 0x000000070e600000, 0x000000070e600000| Untracked 
| 101|0x000000070e800000, 0x000000070e800000, 0x000000070ea00000|  0%| F|  |TAMS 0x000000070e800000, 0x000000070e800000| Untracked 
| 102|0x000000070ea00000, 0x000000070ea00000, 0x000000070ec00000|  0%| F|  |TAMS 0x000000070ea00000, 0x000000070ea00000| Untracked 
| 103|0x000000070ec00000, 0x000000070ec00000, 0x000000070ee00000|  0%| F|  |TAMS 0x000000070ec00000, 0x000000070ec00000| Untracked 
| 104|0x000000070ee00000, 0x000000070ee00000, 0x000000070f000000|  0%| F|  |TAMS 0x000000070ee00000, 0x000000070ee00000| Untracked 
| 105|0x000000070f000000, 0x000000070f000000, 0x000000070f200000|  0%| F|  |TAMS 0x000000070f000000, 0x000000070f000000| Untracked 
| 106|0x000000070f200000, 0x000000070f200000, 0x000000070f400000|  0%| F|  |TAMS 0x000000070f200000, 0x000000070f200000| Untracked 
| 107|0x000000070f400000, 0x000000070f400000, 0x000000070f600000|  0%| F|  |TAMS 0x000000070f400000, 0x000000070f400000| Untracked 
| 108|0x000000070f600000, 0x000000070f600000, 0x000000070f800000|  0%| F|  |TAMS 0x000000070f600000, 0x000000070f600000| Untracked 
| 109|0x000000070f800000, 0x000000070f800000, 0x000000070fa00000|  0%| F|  |TAMS 0x000000070f800000, 0x000000070f800000| Untracked 
| 110|0x000000070fa00000, 0x000000070fa00000, 0x000000070fc00000|  0%| F|  |TAMS 0x000000070fa00000, 0x000000070fa00000| Untracked 
| 111|0x000000070fc00000, 0x000000070fc00000, 0x000000070fe00000|  0%| F|  |TAMS 0x000000070fc00000, 0x000000070fc00000| Untracked 
| 112|0x000000070fe00000, 0x000000070fe00000, 0x0000000710000000|  0%| F|  |TAMS 0x000000070fe00000, 0x000000070fe00000| Untracked 
| 113|0x0000000710000000, 0x0000000710000000, 0x0000000710200000|  0%| F|  |TAMS 0x0000000710000000, 0x0000000710000000| Untracked 
| 114|0x0000000710200000, 0x0000000710200000, 0x0000000710400000|  0%| F|  |TAMS 0x0000000710200000, 0x0000000710200000| Untracked 
| 115|0x0000000710400000, 0x0000000710400000, 0x0000000710600000|  0%| F|  |TAMS 0x0000000710400000, 0x0000000710400000| Untracked 
| 116|0x0000000710600000, 0x0000000710600000, 0x0000000710800000|  0%| F|  |TAMS 0x0000000710600000, 0x0000000710600000| Untracked 
| 117|0x0000000710800000, 0x0000000710800000, 0x0000000710a00000|  0%| F|  |TAMS 0x0000000710800000, 0x0000000710800000| Untracked 
| 118|0x0000000710a00000, 0x0000000710a00000, 0x0000000710c00000|  0%| F|  |TAMS 0x0000000710a00000, 0x0000000710a00000| Untracked 
| 119|0x0000000710c00000, 0x0000000710c00000, 0x0000000710e00000|  0%| F|  |TAMS 0x0000000710c00000, 0x0000000710c00000| Untracked 
| 120|0x0000000710e00000, 0x0000000710e00000, 0x0000000711000000|  0%| F|  |TAMS 0x0000000710e00000, 0x0000000710e00000| Untracked 
| 121|0x0000000711000000, 0x0000000711000000, 0x0000000711200000|  0%| F|  |TAMS 0x0000000711000000, 0x0000000711000000| Untracked 
| 122|0x0000000711200000, 0x0000000711352b70, 0x0000000711400000| 66%| E|  |TAMS 0x0000000711200000, 0x0000000711200000| Complete 
| 123|0x0000000711400000, 0x0000000711600000, 0x0000000711600000|100%| E|CS|TAMS 0x0000000711400000, 0x0000000711400000| Complete 
| 124|0x0000000711600000, 0x0000000711800000, 0x0000000711800000|100%| E|CS|TAMS 0x0000000711600000, 0x0000000711600000| Complete 
| 125|0x0000000711800000, 0x0000000711a00000, 0x0000000711a00000|100%| E|CS|TAMS 0x0000000711800000, 0x0000000711800000| Complete 
| 126|0x0000000711a00000, 0x0000000711c00000, 0x0000000711c00000|100%| E|CS|TAMS 0x0000000711a00000, 0x0000000711a00000| Complete 
| 127|0x0000000711c00000, 0x0000000711e00000, 0x0000000711e00000|100%| E|CS|TAMS 0x0000000711c00000, 0x0000000711c00000| Complete 

Card table byte_map: [0x00000206a83c0000,0x00000206a8bc0000] _byte_map_base: 0x00000206a4bb1000

Marking Bits (Prev, Next): (CMBitMap*) 0x000002068e578f50, (CMBitMap*) 0x000002068e578f90
 Prev Bits: [0x00000206a93c0000, 0x00000206ad348000)
 Next Bits: [0x00000206ad350000, 0x00000206b12d8000)

Polling page: 0x000002068e5f0000

Metaspace:

Usage:
  Non-class:     10.08 MB capacity,    10.02 MB (>99%) used,    39.25 KB ( <1%) free+waste,    13.69 KB ( <1%) overhead. 
      Class:      1.34 MB capacity,     1.30 MB ( 97%) used,    42.40 KB (  3%) free+waste,     5.44 KB ( <1%) overhead. 
       Both:     11.42 MB capacity,    11.32 MB (>99%) used,    81.65 KB ( <1%) free+waste,    19.13 KB ( <1%) overhead. 

Virtual space:
  Non-class space:       12.00 MB reserved,      10.25 MB ( 85%) committed 
      Class space:        1.00 GB reserved,       1.38 MB ( <1%) committed 
             Both:        1.01 GB reserved,      11.63 MB (  1%) committed 

Chunk freelists:
   Non-Class:  51.00 KB
       Class:  2.00 KB
        Both:  53.00 KB

MaxMetaspaceSize: 17179869184.00 GB
CompressedClassSpaceSize: 1.00 GB

CodeHeap 'non-profiled nmethods': size=120000Kb used=538Kb max_used=538Kb free=119461Kb
 bounds [0x000002069fa00000, 0x000002069fc70000, 0x00000206a6f30000]
CodeHeap 'profiled nmethods': size=120000Kb used=2427Kb max_used=2427Kb free=117573Kb
 bounds [0x00000206984d0000, 0x0000020698740000, 0x000002069fa00000]
CodeHeap 'non-nmethods': size=5760Kb used=1324Kb max_used=1364Kb free=4435Kb
 bounds [0x0000020697f30000, 0x00000206981a0000, 0x00000206984d0000]
 total_blobs=2072 nmethods=1446 adapters=539
 compilation: enabled
              stopped_count=0, restarted_count=0
 full_count=0

Compilation events (20 events):
Event: 4.111 Thread 0x00000206b484fac0 nmethod 1443 0x000002069872ba10 code [0x000002069872bbc0, 0x000002069872bd48]
Event: 4.111 Thread 0x00000206b484fac0 1439       3       java.awt.Rectangle::getY (6 bytes)
Event: 4.111 Thread 0x00000206b484fac0 nmethod 1439 0x000002069872be10 code [0x000002069872bfa0, 0x000002069872c098]
Event: 4.111 Thread 0x00000206b484fac0 1440       3       sun.java2d.SunGraphics2D::getClip (9 bytes)
Event: 4.112 Thread 0x00000206b484fac0 nmethod 1440 0x000002069872c110 code [0x000002069872c2c0, 0x000002069872c3e8]
Event: 4.112 Thread 0x00000206b484fac0 1441   !   3       sun.java2d.SunGraphics2D::untransformShape (44 bytes)
Event: 4.112 Thread 0x00000206b484fac0 nmethod 1441 0x000002069872c490 code [0x000002069872c660, 0x000002069872c908]
Event: 4.112 Thread 0x00000206b484fac0 1442       3       java.awt.geom.Rectangle2D::intersects (85 bytes)
Event: 4.112 Thread 0x00000206b484fac0 nmethod 1442 0x000002069872ca90 code [0x000002069872cc80, 0x000002069872d468]
Event: 4.112 Thread 0x00000206b484fac0 1444   !   3       sun.java2d.SunGraphics2D::drawImage (310 bytes)
Event: 4.113 Thread 0x00000206b484fac0 nmethod 1444 0x000002069872d610 code [0x000002069872d880, 0x000002069872e628]
Event: 4.113 Thread 0x00000206b484fac0 1445       1       javax.swing.plaf.basic.BasicTextUI::getComponent (5 bytes)
Event: 4.113 Thread 0x00000206b484fac0 nmethod 1445 0x000002069fa7d390 code [0x000002069fa7d520, 0x000002069fa7d5d8]
Event: 4.204 Thread 0x00000206b484b5f0 nmethod 1428 0x000002069fa7d690 code [0x000002069fa7d8a0, 0x000002069fa80928]
Event: 4.204 Thread 0x00000206b484b5f0 1436       4       sun.java2d.marlin.MarlinCache::copyAARowRLE_WithBlockFlags (733 bytes)
Event: 4.241 Thread 0x00000206b484b5f0 nmethod 1436 0x000002069fa83910 code [0x000002069fa83ae0, 0x000002069fa85138]
Event: 4.333 Thread 0x00000206b484fac0 1446       1       java.net.URL::getFile (5 bytes)
Event: 4.333 Thread 0x00000206b484fac0 nmethod 1446 0x000002069fa86510 code [0x000002069fa866a0, 0x000002069fa86758]
Event: 4.334 Thread 0x00000206b484fac0 1447       1       java.security.CodeSource::getLocationNoFragString (5 bytes)
Event: 4.334 Thread 0x00000206b484fac0 nmethod 1447 0x000002069fa86810 code [0x000002069fa869a0, 0x000002069fa86a58]

GC Heap History (0 events):
No events

Deoptimization events (20 events):
Event: 0.932 Thread 0x00000206b58c6740 Uncommon trap: trap_request=0xffffffbe fr.pc=0x000002069fa5d59c relative=0x000000000000083c
Event: 0.932 Thread 0x00000206b58c6740 Uncommon trap: reason=profile_predicate action=maybe_recompile pc=0x000002069fa5d59c method=java.awt.LinearGradientPaintContext.fillRaster([IIIIIII)V @ 50 c2
Event: 0.932 Thread 0x00000206b58c6740 DEOPT PACKING pc=0x000002069fa5d59c sp=0x0000000cf2bfca60
Event: 0.932 Thread 0x00000206b58c6740 DEOPT UNPACKING pc=0x0000020697f7e42f sp=0x0000000cf2bfca48 mode 2
Event: 0.975 Thread 0x00000206b5dcf720 DEOPT PACKING pc=0x00000206986bee93 sp=0x0000000cf2fff170
Event: 0.975 Thread 0x00000206b5dcf720 DEOPT UNPACKING pc=0x0000020697f7e23f sp=0x0000000cf2ffe5c8 mode 3
Event: 0.975 Thread 0x00000206b58c6740 DEOPT PACKING pc=0x0000020698685607 sp=0x0000000cf2bfe100
Event: 0.975 Thread 0x00000206b58c6740 DEOPT UNPACKING pc=0x0000020697f7e23f sp=0x0000000cf2bfd598 mode 3
Event: 0.978 Thread 0x00000206b58c6740 DEOPT PACKING pc=0x00000206986b491e sp=0x0000000cf2bfd1f0
Event: 0.978 Thread 0x00000206b58c6740 DEOPT UNPACKING pc=0x0000020697f7e23f sp=0x0000000cf2bfc640 mode 0
Event: 0.978 Thread 0x00000206b5dcf720 Uncommon trap: trap_request=0xffffff45 fr.pc=0x000002069fa481a0 relative=0x0000000000000480
Event: 0.978 Thread 0x00000206b5dcf720 Uncommon trap: reason=unstable_if action=reinterpret pc=0x000002069fa481a0 method=java.lang.StringLatin1.newString([BII)Ljava/lang/String; @ 1 c2
Event: 0.978 Thread 0x00000206b5dcf720 DEOPT PACKING pc=0x000002069fa481a0 sp=0x0000000cf2ffc430
Event: 0.978 Thread 0x00000206b5dcf720 DEOPT UNPACKING pc=0x0000020697f7e42f sp=0x0000000cf2ffc390 mode 2
Event: 3.849 Thread 0x00000206b58c6740 DEOPT PACKING pc=0x00000206986696bf sp=0x0000000cf2bfd580
Event: 3.849 Thread 0x00000206b58c6740 DEOPT UNPACKING pc=0x0000020697f7e23f sp=0x0000000cf2bfca10 mode 0
Event: 4.104 Thread 0x00000206b58c6740 DEOPT PACKING pc=0x00000206986ab121 sp=0x0000000cf2bfd440
Event: 4.104 Thread 0x00000206b58c6740 DEOPT UNPACKING pc=0x0000020697f7e23f sp=0x0000000cf2bfc820 mode 0
Event: 4.109 Thread 0x00000206b58c6740 DEOPT PACKING pc=0x00000206986b491e sp=0x0000000cf2bfd2d0
Event: 4.109 Thread 0x00000206b58c6740 DEOPT UNPACKING pc=0x0000020697f7e23f sp=0x0000000cf2bfc720 mode 0

Classes unloaded (0 events):
No events

Classes redefined (0 events):
No events

Internal exceptions (20 events):
Event: 0.394 Thread 0x000002068e52b6c0 Exception <a 'java/lang/ClassNotFoundException'{0x00000007118fc1f0}: Button> (0x00000007118fc1f0) 
thrown [./open/src/hotspot/share/classfile/systemDictionary.cpp, line 295]
Event: 0.394 Thread 0x000002068e52b6c0 Exception <a 'java/lang/ClassNotFoundException'{0x00000007118fc6b8}: ToolBar> (0x00000007118fc6b8) 
thrown [./open/src/hotspot/share/classfile/systemDictionary.cpp, line 295]
Event: 0.394 Thread 0x000002068e52b6c0 Exception <a 'java/lang/ClassNotFoundException'{0x00000007118fca28}: ToggleButton> (0x00000007118fca28) 
thrown [./open/src/hotspot/share/classfile/systemDictionary.cpp, line 295]
Event: 0.394 Thread 0x000002068e52b6c0 Exception <a 'java/lang/ClassNotFoundException'{0x00000007118fce68}: javax/swing/JToolBarSeparator> (0x00000007118fce68) 
thrown [./open/src/hotspot/share/classfile/systemDictionary.cpp, line 295]
Event: 0.394 Thread 0x000002068e52b6c0 Exception <a 'java/lang/ClassNotFoundException'{0x00000007118fd170}: ToolBarSeparator> (0x00000007118fd170) 
thrown [./open/src/hotspot/share/classfile/systemDictionary.cpp, line 295]
Event: 0.394 Thread 0x000002068e52b6c0 Exception <a 'java/lang/ClassNotFoundException'{0x00000007118fd688}: ToolTip> (0x00000007118fd688) 
thrown [./open/src/hotspot/share/classfile/systemDictionary.cpp, line 295]
Event: 0.396 Thread 0x000002068e52b6c0 Exception <a 'java/lang/ClassNotFoundException'{0x00000007118fdfd8}: Tree> (0x00000007118fdfd8) 
thrown [./open/src/hotspot/share/classfile/systemDictionary.cpp, line 295]
Event: 0.396 Thread 0x000002068e52b6c0 Exception <a 'java/lang/ClassNotFoundException'{0x00000007118fe4d0}: Tree> (0x00000007118fe4d0) 
thrown [./open/src/hotspot/share/classfile/systemDictionary.cpp, line 295]
Event: 0.396 Thread 0x000002068e52b6c0 Exception <a 'java/lang/ClassNotFoundException'{0x00000007118fe840}: javax/swing/JTreeCell> (0x00000007118fe840) 
thrown [./open/src/hotspot/share/classfile/systemDictionary.cpp, line 295]
Event: 0.396 Thread 0x000002068e52b6c0 Exception <a 'java/lang/ClassNotFoundException'{0x00000007118feb40}: TreeCell> (0x00000007118feb40) 
thrown [./open/src/hotspot/share/classfile/systemDictionary.cpp, line 295]
Event: 0.397 Thread 0x000002068e52b6c0 Exception <a 'java/lang/ClassNotFoundException'{0x00000007118ff300}: RootPane> (0x00000007118ff300) 
thrown [./open/src/hotspot/share/classfile/systemDictionary.cpp, line 295]
Event: 0.399 Thread 0x000002068e52b6c0 Exception <a 'java/lang/ClassNotFoundException'{0x0000000711902150}: com/sun/swing/internal/plaf/metal/resources/spi/metalProvider> (0x0000000711902150) 
thrown [./open/src/hotspot/share/classfile/systemDictionary.cpp, line 295]
Event: 0.400 Thread 0x000002068e52b6c0 Exception <a 'java/lang/ClassNotFoundException'{0x0000000711906058}: com/sun/swing/internal/plaf/basic/resources/spi/basicProvider> (0x0000000711906058) 
thrown [./open/src/hotspot/share/classfile/systemDictionary.cpp, line 295]
Event: 0.426 Thread 0x00000206b58c6740 Exception <a 'java/lang/ClassNotFoundException'{0x000000071196ff98}: com/sun/swing/internal/plaf/synth/resources/spi/synthProvider> (0x000000071196ff98) 
thrown [./open/src/hotspot/share/classfile/systemDictionary.cpp, line 295]
Event: 0.601 Thread 0x00000206b58c6740 Exception <a 'java/lang/NoSuchMethodError'{0x0000000711706398}: 'void java.lang.invoke.DirectMethodHandle$Holder.invokeStaticInit(java.lang.Object)'> (0x0000000711706398) 
thrown [./open/src/hotspot/share/interpreter/linkResolver.cpp, line 782]
Event: 0.932 Thread 0x00000206b58c6740 Implicit null exception at 0x000002069fa619cf to 0x000002069fa61f58
Event: 0.932 Thread 0x00000206b58c6740 Implicit null exception at 0x000002069fa5ce55 to 0x000002069fa5d551
Event: 0.932 Thread 0x00000206b58c6740 Implicit null exception at 0x000002069fa619cf to 0x000002069fa61f58
Event: 0.932 Thread 0x00000206b58c6740 Implicit null exception at 0x000002069fa619cf to 0x000002069fa61f58
Event: 0.932 Thread 0x00000206b58c6740 Implicit null exception at 0x000002069fa5ce55 to 0x000002069fa5d551

Events (20 events):
Event: 0.977 loading class java/util/concurrent/TimeUnit$1 done
Event: 1.479 loading class javax/swing/Timer$1
Event: 1.479 loading class javax/swing/Timer$1 done
Event: 1.479 Thread 0x00000206b49acc80 Thread exited: 0x00000206b49acc80
Event: 1.724 Executing VM operation: HandshakeAllThreads
Event: 1.724 Executing VM operation: HandshakeAllThreads done
Event: 2.908 loading class java/awt/LightweightDispatcher$2
Event: 2.908 loading class java/awt/LightweightDispatcher$2 done
Event: 3.502 Loaded shared library C:\Program Files\Java\jdk-15\bin\java.dll
Event: 3.726 Executing VM operation: HandshakeAllThreads
Event: 3.726 Executing VM operation: HandshakeAllThreads done
Event: 4.332 loading class java/lang/InterruptedException
Event: 4.332 loading class java/lang/InterruptedException done
Event: 4.332 loading class java/lang/SecurityException
Event: 4.332 loading class java/lang/SecurityException done
Event: 4.334 loading class java/io/Reader
Event: 4.334 loading class java/io/Reader done
Event: 4.334 loading class java/io/InputStreamReader
Event: 4.334 loading class java/io/InputStreamReader done
Event: 4.351 Loaded shared library C:\Users\jorge\.jssc\windows\jSSC-2.8_x86_64.dll


Dynamic libraries:
0x00007ff74dbc0000 - 0x00007ff74dbcf000 	C:\Program Files\Java\jdk-15\bin\java.exe
0x00007ffcd73a0000 - 0x00007ffcd7590000 	C:\Windows\SYSTEM32\ntdll.dll
0x00007ffcd6040000 - 0x00007ffcd60f2000 	C:\Windows\System32\KERNEL32.DLL
0x00007ffcd4e50000 - 0x00007ffcd50f5000 	C:\Windows\System32\KERNELBASE.dll
0x00007ffcd4330000 - 0x00007ffcd442a000 	C:\Windows\System32\ucrtbase.dll
0x00007ffc9ec00000 - 0x00007ffc9ec19000 	C:\Program Files\Java\jdk-15\bin\VCRUNTIME140.dll
0x00007ffcab5f0000 - 0x00007ffcab608000 	C:\Program Files\Java\jdk-15\bin\jli.dll
0x00007ffcd6300000 - 0x00007ffcd63a3000 	C:\Windows\System32\ADVAPI32.dll
0x00007ffcd6260000 - 0x00007ffcd62fe000 	C:\Windows\System32\msvcrt.dll
0x00007ffcd5930000 - 0x00007ffcd59c7000 	C:\Windows\System32\sechost.dll
0x00007ffcd5b50000 - 0x00007ffcd5c70000 	C:\Windows\System32\RPCRT4.dll
0x00007ffcd63c0000 - 0x00007ffcd6555000 	C:\Windows\System32\USER32.dll
0x00007ffcd4430000 - 0x00007ffcd4451000 	C:\Windows\System32\win32u.dll
0x00007ffcc5ab0000 - 0x00007ffcc5d34000 	C:\Windows\WinSxS\amd64_microsoft.windows.common-controls_6595b64144ccf1df_6.0.18362.1082_none_9e8193e1e45b25c1\COMCTL32.dll
0x00007ffcd5c70000 - 0x00007ffcd5c96000 	C:\Windows\System32\GDI32.dll
0x00007ffcd55e0000 - 0x00007ffcd5915000 	C:\Windows\System32\combase.dll
0x00007ffcd5100000 - 0x00007ffcd5296000 	C:\Windows\System32\gdi32full.dll
0x00007ffcd5350000 - 0x00007ffcd53ee000 	C:\Windows\System32\msvcp_win.dll
0x00007ffcd52a0000 - 0x00007ffcd5320000 	C:\Windows\System32\bcryptPrimitives.dll
0x00007ffccd310000 - 0x00007ffccd31a000 	C:\Windows\SYSTEM32\VERSION.dll
0x00007ffcd5ca0000 - 0x00007ffcd5cce000 	C:\Windows\System32\IMM32.DLL
0x00007ffcb9c80000 - 0x00007ffcb9c8c000 	C:\Program Files\Java\jdk-15\bin\vcruntime140_1.dll
0x00007ffc8c9a0000 - 0x00007ffc8ca31000 	C:\Program Files\Java\jdk-15\bin\msvcp140.dll
0x00007ffc7c900000 - 0x00007ffc7d45c000 	C:\Program Files\Java\jdk-15\bin\server\jvm.dll
0x00007ffcd6580000 - 0x00007ffcd6588000 	C:\Windows\System32\PSAPI.DLL
0x00007ffcd19b0000 - 0x00007ffcd19d4000 	C:\Windows\SYSTEM32\WINMM.dll
0x00007ffccf450000 - 0x00007ffccf459000 	C:\Windows\SYSTEM32\WSOCK32.dll
0x00007ffcd59d0000 - 0x00007ffcd5a3f000 	C:\Windows\System32\WS2_32.dll
0x00007ffcd1980000 - 0x00007ffcd19ad000 	C:\Windows\SYSTEM32\winmmbase.dll
0x00007ffcd4de0000 - 0x00007ffcd4e2a000 	C:\Windows\System32\cfgmgr32.dll
0x00007ffcd4310000 - 0x00007ffcd4321000 	C:\Windows\System32\kernel.appcore.dll
0x00007ffcb5e00000 - 0x00007ffcb5e0a000 	C:\Program Files\Java\jdk-15\bin\jimage.dll
0x00007ffcd2b60000 - 0x00007ffcd2d54000 	C:\Windows\SYSTEM32\DBGHELP.DLL
0x00007ffcc4460000 - 0x00007ffcc448a000 	C:\Windows\SYSTEM32\dbgcore.DLL
0x00007ffc8ca80000 - 0x00007ffc8caa5000 	C:\Program Files\Java\jdk-15\bin\java.dll
0x00007ffcd6640000 - 0x00007ffcd6d27000 	C:\Windows\System32\SHELL32.dll
0x00007ffcd6590000 - 0x00007ffcd6639000 	C:\Windows\System32\shcore.dll
0x00007ffcd4460000 - 0x00007ffcd4be0000 	C:\Windows\System32\windows.storage.dll
0x00007ffcd42e0000 - 0x00007ffcd4303000 	C:\Windows\System32\profapi.dll
0x00007ffcd4290000 - 0x00007ffcd42da000 	C:\Windows\System32\powrprof.dll
0x00007ffcd4260000 - 0x00007ffcd4270000 	C:\Windows\System32\UMPDC.dll
0x00007ffcd5450000 - 0x00007ffcd54a2000 	C:\Windows\System32\shlwapi.dll
0x00007ffcd4e30000 - 0x00007ffcd4e47000 	C:\Windows\System32\cryptsp.dll
0x00007ffc9e7a0000 - 0x00007ffc9e7b9000 	C:\Program Files\Java\jdk-15\bin\net.dll
0x00007ffcc6610000 - 0x00007ffcc6700000 	C:\Windows\SYSTEM32\WINHTTP.dll
0x00007ffcd3ab0000 - 0x00007ffcd3b17000 	C:\Windows\system32\mswsock.dll
0x00007ffc8ca60000 - 0x00007ffc8ca72000 	C:\Program Files\Java\jdk-15\bin\nio.dll
0x00007ffc8ca40000 - 0x00007ffc8ca58000 	C:\Program Files\Java\jdk-15\bin\zip.dll
0x00007ffc8bb60000 - 0x00007ffc8bce0000 	C:\Program Files\Java\jdk-15\bin\awt.dll
0x00007ffcd7290000 - 0x00007ffcd7355000 	C:\Windows\System32\OLEAUT32.dll
0x00007ffcd2030000 - 0x00007ffcd20bf000 	C:\Windows\SYSTEM32\apphelp.dll
0x00007ffcd2210000 - 0x00007ffcd22a9000 	C:\Windows\system32\uxtheme.dll
0x00007ffcd5f00000 - 0x00007ffcd6035000 	C:\Windows\System32\MSCTF.dll
0x00007ffcd6100000 - 0x00007ffcd6257000 	C:\Windows\System32\ole32.dll
0x00007ffcd2640000 - 0x00007ffcd266d000 	C:\Windows\system32\DWMAPI.DLL
0x00007ffc7c870000 - 0x00007ffc7c8f5000 	C:\Program Files\Java\jdk-15\bin\freetype.dll
0x00007ffc7c7c0000 - 0x00007ffc7c869000 	C:\Program Files\Java\jdk-15\bin\fontmanager.dll
0x00007ffcaebd0000 - 0x00007ffcaed26000 	C:\Windows\system32\opengl32.dll
0x00007ffcaee60000 - 0x00007ffcaee8c000 	C:\Windows\SYSTEM32\GLU32.dll
0x00007ffcd2eb0000 - 0x00007ffcd2ed0000 	C:\Windows\SYSTEM32\dxcore.dll
0x00007ffcd5aa0000 - 0x00007ffcd5b42000 	C:\Windows\System32\clbcatq.dll
0x00007ffccf1d0000 - 0x00007ffccf37f000 	C:\Windows\SYSTEM32\WindowsCodecs.dll
0x00007ffcabab0000 - 0x00007ffcabaea000 	C:\Windows\system32\dataexchange.dll
0x00007ffcd1540000 - 0x00007ffcd179b000 	C:\Windows\system32\d3d11.dll
0x00007ffcd17a0000 - 0x00007ffcd197d000 	C:\Windows\system32\dcomp.dll
0x00007ffcd2f40000 - 0x00007ffcd302b000 	C:\Windows\system32\dxgi.dll
0x00007ffcd22e0000 - 0x00007ffcd2542000 	C:\Windows\system32\twinapi.appcore.dll
0x00007ffcd2800000 - 0x00007ffcd2829000 	C:\Windows\system32\RMCLIENT.dll
0x00007ffcb5c00000 - 0x00007ffcb5c9e000 	C:\Windows\System32\TextInputFramework.dll
0x00007ffcd1d50000 - 0x00007ffcd1e24000 	C:\Windows\System32\CoreMessaging.dll
0x00007ffccfa10000 - 0x00007ffccfd3a000 	C:\Windows\System32\CoreUIComponents.dll
0x00007ffccf870000 - 0x00007ffccf9c3000 	C:\Windows\SYSTEM32\wintypes.dll
0x00007ffcd32a0000 - 0x00007ffcd32d1000 	C:\Windows\SYSTEM32\ntmarta.dll
0x00007ffcc0740000 - 0x00007ffcc09e6000 	C:\Windows\System32\iertutil.dll
0x0000000071100000 - 0x0000000071125000 	C:\Users\jorge\.jssc\windows\jSSC-2.8_x86_64.dll

dbghelp: loaded successfully - version: 4.0.5 - missing functions: none
symbol engine: initialized successfully - sym options: 0x614 - pdb path: .;C:\Program Files\Java\jdk-15\bin;C:\Windows\SYSTEM32;C:\Windows\WinSxS\amd64_microsoft.windows.common-controls_6595b64144ccf1df_6.0.18362.1082_none_9e8193e1e45b25c1;C:\Program Files\Java\jdk-15\bin\server;C:\Users\jorge\.jssc\windows

VM Arguments:
jvm_args: -Dfile.encoding=UTF-8 --module-path=D:\INBOX LINUX\Sensores02\build\classes 
java_command: sensores02.UI
java_class_path (initial): C:\Users\jorge\Downloads\PanamaHitek_Arduino-3.1.0.jar;D:\INBOX LINUX\Sensores02\build\classes
Launcher Type: SUN_STANDARD

[Global flags]
     intx CICompilerCount                          = 4                                         {product} {ergonomic}
     uint ConcGCThreads                            = 3                                         {product} {ergonomic}
     uint G1ConcRefinementThreads                  = 10                                        {product} {ergonomic}
   size_t G1HeapRegionSize                         = 2097152                                   {product} {ergonomic}
    uintx GCDrainStackTargetSize                   = 64                                        {product} {ergonomic}
   size_t InitialHeapSize                          = 268435456                                 {product} {ergonomic}
   size_t MarkStackSize                            = 4194304                                   {product} {ergonomic}
   size_t MaxHeapSize                              = 4263510016                                {product} {ergonomic}
   size_t MaxNewSize                               = 2556428288                                {product} {ergonomic}
   size_t MinHeapDeltaBytes                        = 2097152                                   {product} {ergonomic}
   size_t MinHeapSize                              = 8388608                                   {product} {ergonomic}
    uintx NonNMethodCodeHeapSize                   = 5839372                                {pd product} {ergonomic}
    uintx NonProfiledCodeHeapSize                  = 122909434                              {pd product} {ergonomic}
    uintx ProfiledCodeHeapSize                     = 122909434                              {pd product} {ergonomic}
    uintx ReservedCodeCacheSize                    = 251658240                              {pd product} {ergonomic}
     bool SegmentedCodeCache                       = true                                      {product} {ergonomic}
   size_t SoftMaxHeapSize                          = 4263510016                             {manageable} {ergonomic}
     bool UseCompressedClassPointers               = true                                 {lp64_product} {ergonomic}
     bool UseCompressedOops                        = true                                 {lp64_product} {ergonomic}
     bool UseG1GC                                  = true                                      {product} {ergonomic}
     bool UseLargePagesIndividualAllocation        = false                                  {pd product} {ergonomic}

Logging:
Log output configuration:
 #0: stdout all=warning uptime,level,tags
 #1: stderr all=off uptime,level,tags

Environment Variables:
PATH=C:\Program Files\Common Files\Oracle\Java\javapath;C:\Program Files\Common Files\Siemens\Automation\Simatic OAM\bin;C:\Program Files (x86)\Common Files\Oracle\Java\javapath;C:\Windows\system32;C:\Windows;C:\Windows\System32\Wbem;C:\Windows\System32\WindowsPowerShell\v1.0\;C:\Windows\System32\OpenSSH\;C:\Program Files (x86)\NVIDIA Corporation\PhysX\Common;C:\Program Files\dotnet\;C:\ProgramData\chocolatey\bin;C:\Program Files\Git\cmd;C:\Program Files\LLVM\bin;C:\Program Files\Calibre2\;C:\Users\jorge\AppData\Local\Microsoft\WindowsApps;;C:\Users\jorge\AppData\Local\Programs\Microsoft VS Code\bin
USERNAME=jorge
OS=Windows_NT
PROCESSOR_IDENTIFIER=Intel64 Family 6 Model 158 Stepping 10, GenuineIntel



---------------  S Y S T E M  ---------------

OS:
 Windows 10 , 64 bit Build 18362 (10.0.18362.1082)
OS uptime: 0 days 0:04 hours

CPU: total 12 (initial active 12) (6 cores per cpu, 2 threads per core) family 6 model 158 stepping 10, cmov, cx8, fxsr, mmx, sse, sse2, sse3, ssse3, sse4.1, sse4.2, popcnt, vzeroupper, avx, avx2, aes, clmul, erms, 3dnowpref, lzcnt, ht, tsc, tscinvbit, bmi1, bmi2, adx, fma, clflush, clflushopt

Memory: 4k page, system-wide physical 16257M (10880M free)
TotalPageFile size 18689M (AvailPageFile size 11584M)
current process WorkingSet (physical memory assigned to process): 79M, peak: 80M
current process commit charge ("private bytes"): 374M, peak: 375M

vm_info: Java HotSpot(TM) 64-Bit Server VM (15+36-1562) for windows-amd64 JRE (15+36-1562), built on Aug 11 2020 22:38:02 by "mach5one" with unknown MS VC++:1925

END.
